#
# A fatal error has been detected by the Java Runtime Environment:
#
#  SIGSEGV (0xb) at pc=0x00007f23db0eaaac, pid=21031, tid=0x00007f23d8895700
#
# JRE version: Java(TM) SE Runtime Environment (8.0_144-b01) (build 1.8.0_144-b01)
# Java VM: Java HotSpot(TM) 64-Bit Server VM (25.144-b01 mixed mode linux-amd64 compressed oops)
# Problematic frame:
# V  [libjvm.so+0x97faac]  ParCompactionManager::follow_marking_stacks()+0x22c
#
# Failed to write core dump. Core dumps have been disabled. To enable core dumping, try "ulimit -c unlimited" before starting Java again
#
# If you would like to submit a bug report, please visit:
#   http://bugreport.java.com/bugreport/crash.jsp
#

---------------  T H R E A D  ---------------

Current thread (0x00007f23d4025000):  GCTaskThread [stack: 0x00007f23d8795000,0x00007f23d8896000] [id=21038]

siginfo: si_signo: 11 (SIGSEGV), si_code: 1 (SEGV_MAPERR), si_addr: 0x000000050000012c

Registers:
RAX=0x000000050000000c, RBX=0x00007f23db730da0, RCX=0x0000000000000003, RDX=0x000000008658dac8
RSP=0x00007f23d8894870, RBP=0x00007f23d88949f0, RSI=0x00007f23d4078ba0, RDI=0x000000010006f040
R8 =0x0000000085f6aae8, R9 =0x0000000000040000, R10=0x000000000000000b, R11=0x00007f23db730da0
R12=0x00007f23d4078ba0, R13=0x00007f23d4078ba0, R14=0x00007f23d4025600, R15=0x00007f23db2bffb0
RIP=0x00007f23db0eaaac, EFLAGS=0x0000000000010202, CSGSFS=0x0000000000000033, ERR=0x0000000000000004
  TRAPNO=0x000000000000000e

Top of Stack: (sp=0x00007f23d8894870)
0x00007f23d8894870:   00000000f2743468 000000000000000d
0x00007f23d8894880:   00007f23d4078bb0 00007f23d88949a0
0x00007f23d8894890:   00007f23d8894970 00007f23d8894950
0x00007f23d88948a0:   00007f23d8894940 00007f23d8894930
0x00007f23d88948b0:   00007f23d8894920 00007f23d8894910
0x00007f23d88948c0:   00007f23d8894920 00007f23d4078c60
0x00007f23d88948d0:   00000000f0616ca5 00007f23db734f30
0x00007f23d88948e0:   00000000ecc9d1c5 00007f23d4079260
0x00007f23d88948f0:   00007f23d4079200 00000000f0616ee0
0x00007f23d8894900:   00007f23d4078be0 00007f23d88949b8
0x00007f23d8894910:   0000000000000000 0000000000000002
0x00007f23d8894920:   00007f23d88949a0 0000000000000000
0x00007f23d8894930:   0000000000000000 00007f23dbf51c51
0x00007f23d8894940:   00007f23d8894970 00007f23d4079200
0x00007f23d8894950:   00000000f00ed789 00007f23d4079298
0x00007f23d8894960:   00007f23d4026228 0000000000000000
0x00007f23d8894970:   00007f23dbf514ff 00000000f0616edc
0x00007f23d8894980:   00007f23d4079200 00007f23db7017d0
0x00007f23d8894990:   0000000084ccd970 00007f23d4078ba0
0x00007f23d88949a0:   00007f23d88949d0 00007f23db0f8b9c
0x00007f23d88949b0:   00007f23d8894a10 000000008658dac8
0x00007f23d88949c0:   00007f23d8894ab0 00007f23d402aec0
0x00007f23d88949d0:   00007f23d8894ab0 00007f23d4078ba0
0x00007f23d88949e0:   00007f23d4025600 00007f23db2bffb0
0x00007f23d88949f0:   00007f23d8894af0 00007f23db0d0018
0x00007f23d8894a00:   00007f23d4022cf0 00007f23db730da0
0x00007f23d8894a10:   00007f23d4022d10 0000000000000000
0x00007f23d8894a20:   00007f23d8894a60 00007f23db04ee67
0x00007f23d8894a30:   00007f23d4025000 0000000000000001
0x00007f23d8894a40:   0000000000000000 00007f23d4025000
0x00007f23d8894a50:   00007f23d4022cf0 0000000000000000
0x00007f23d8894a60:   00007f23d8894ab0 00007f23db04f726 

Instructions: (pc=0x00007f23db0eaaac)
0x00007f23db0eaa8c:   00 0f 84 2d 03 00 00 48 8b 05 7e 7b 5f 00 8b 7a
0x00007f23db0eaa9c:   08 8b 48 08 48 d3 e7 48 03 38 48 8b 07 4c 89 e6
0x00007f23db0eaaac:   ff 90 20 01 00 00 41 8b 54 24 08 41 8b 44 24 10
0x00007f23db0eaabc:   89 d1 29 c1 89 c8 a9 ff ff 01 00 0f 85 5b ff ff 

Register to memory mapping:

RAX=0x000000050000000c is an unknown value
RBX=0x00007f23db730da0: <offset 0xfc5da0> in /usr/lib/jvm/java-8-oracle/jre/lib/amd64/server/libjvm.so at 0x00007f23da76b000
RCX=0x0000000000000003 is an unknown value
RDX=0x000000008658dac8 is an oop

[error occurred during error reporting (printing register info), id 0xb]

Stack: [0x00007f23d8795000,0x00007f23d8896000],  sp=0x00007f23d8894870,  free space=1022k
Native frames: (J=compiled Java code, j=interpreted, Vv=VM code, C=native code)
V  [libjvm.so+0x97faac]  ParCompactionManager::follow_marking_stacks()+0x22c
V  [libjvm.so+0x965018]  MarkFromRootsTask::do_it(GCTaskManager*, unsigned int)+0x88
V  [libjvm.so+0x5daecf]  GCTaskThread::run()+0x12f
V  [libjvm.so+0x92a338]  java_start(Thread*)+0x108


---------------  P R O C E S S  ---------------

Java Threads: ( => current thread )
  0x00007f2358002000 JavaThread "Thread-11" [_thread_blocked, id=22109, stack(0x00007f23ac80d000,0x00007f23ac90e000)]
  0x00007f235c3b8000 JavaThread "http-nio-8080-AsyncTimeout" daemon [_thread_blocked, id=21322, stack(0x00007f23ade23000,0x00007f23adf24000)]
  0x00007f235c3b7000 JavaThread "http-nio-8080-Acceptor-0" daemon [_thread_blocked, id=21321, stack(0x00007f23adf24000,0x00007f23ae025000)]
  0x00007f23d400e000 JavaThread "DestroyJavaVM" [_thread_blocked, id=21032, stack(0x00007f23dc266000,0x00007f23dc367000)]
  0x00007f236d0f7000 JavaThread "Live Reload Server" daemon [_thread_in_native, id=21068, stack(0x00007f2353eff000,0x00007f2354000000)]
  0x00007f236cc19800 JavaThread "Abandoned connection cleanup thread" daemon [_thread_blocked, id=21062, stack(0x00007f23ac50a000,0x00007f23ac60b000)]
  0x00007f23d45d0800 JavaThread "RMI TCP Accept-0" daemon [_thread_in_native, id=21051, stack(0x00007f23ae326000,0x00007f23ae427000)]
  0x00007f23d45b9000 JavaThread "RMI TCP Accept-45440" daemon [_thread_in_native, id=21050, stack(0x00007f23ae427000,0x00007f23ae528000)]
  0x00007f23d45a0800 JavaThread "RMI TCP Accept-0" daemon [_thread_in_native, id=21049, stack(0x00007f23ae528000,0x00007f23ae629000)]
  0x00007f23d40c4800 JavaThread "Service Thread" daemon [_thread_blocked, id=21048, stack(0x00007f23aee19000,0x00007f23aef1a000)]
  0x00007f23d40c1000 JavaThread "C1 CompilerThread2" daemon [_thread_blocked, id=21047, stack(0x00007f23aef1a000,0x00007f23af01b000)]
  0x00007f23d40bf800 JavaThread "C2 CompilerThread1" daemon [_thread_blocked, id=21046, stack(0x00007f23af01b000,0x00007f23af11c000)]
  0x00007f23d40bc800 JavaThread "C2 CompilerThread0" daemon [_thread_blocked, id=21045, stack(0x00007f23af11c000,0x00007f23af21d000)]
  0x00007f23d40bb000 JavaThread "Signal Dispatcher" daemon [_thread_blocked, id=21044, stack(0x00007f23af21d000,0x00007f23af31e000)]
  0x00007f23d4088000 JavaThread "Finalizer" daemon [_thread_blocked, id=21043, stack(0x00007f23af5f6000,0x00007f23af6f7000)]
  0x00007f23d4083800 JavaThread "Reference Handler" daemon [_thread_blocked, id=21042, stack(0x00007f23af6f7000,0x00007f23af7f8000)]

Other Threads:
  0x00007f23d407c000 VMThread [stack: 0x00007f23af7f8000,0x00007f23af8f9000] [id=21041]
  0x00007f23d45d5800 WatcherThread [stack: 0x00007f23ae225000,0x00007f23ae326000] [id=21052]

=>0x00007f23d4025000 (exited) GCTaskThread [stack: 0x00007f23d8795000,0x00007f23d8896000] [id=21038]

VM state:at safepoint (normal execution)

VM Mutex/Monitor currently owned by a thread:  ([mutex/lock_event])
[0x00007f23d400a500] Threads_lock - owner thread: 0x00007f23d407c000
[0x00007f23d400aa00] Heap_lock - owner thread: 0x00007f2358002000

Heap:
 PSYoungGen      total 403456K, used 3754K [0x00000000d6f00000, 0x00000000f1700000, 0x0000000100000000)
  eden space 392192K, 0% used [0x00000000d6f00000,0x00000000d6f00000,0x00000000eee00000)
  from space 11264K, 33% used [0x00000000f0c00000,0x00000000f0faabf0,0x00000000f1700000)
  to   space 20992K, 0% used [0x00000000eee00000,0x00000000eee00000,0x00000000f0280000)
 ParOldGen       total 94208K, used 27568K [0x0000000084c00000, 0x000000008a800000, 0x00000000d6f00000)
  object space 94208K, 29% used [0x0000000084c00000,0x00000000866ec208,0x000000008a800000)
 Metaspace       used 53056K, capacity 53810K, committed 54016K, reserved 1095680K
  class space    used 6721K, capacity 6905K, committed 6912K, reserved 1048576K

Card table byte_map: [0x00007f23d8c29000,0x00007f23d9004000] byte_map_base: 0x00007f23d8803000

Marking Bits: (ParMarkBitMap*) 0x00007f23db734dc0
 Begin Bits: [0x00007f23b4260000, 0x00007f23b6130000)
 End Bits:   [0x00007f23b6130000, 0x00007f23b8000000)

Polling page: 0x00007f23dc387000

CodeCache: size=245760Kb used=19533Kb max_used=19578Kb free=226226Kb
 bounds [0x00007f23c5000000, 0x00007f23c6350000, 0x00007f23d4000000]
 total_blobs=6475 nmethods=5930 adapters=458
 compilation: enabled

Compilation events (10 events):
Event: 1648.694 Thread 0x00007f23d40c1000 7073       1       org.apache.catalina.ContainerEvent::getType (5 bytes)
Event: 1648.694 Thread 0x00007f23d40c1000 nmethod 7073 0x00007f23c534b410 code [0x00007f23c534b560, 0x00007f23c534b670]
Event: 1648.702 Thread 0x00007f23d40c1000 7074       3       java.util.concurrent.locks.LockSupport::setBlocker (12 bytes)
Event: 1648.702 Thread 0x00007f23d40c1000 nmethod 7074 0x00007f23c53f4610 code [0x00007f23c53f4760, 0x00007f23c53f48b0]
Event: 1648.702 Thread 0x00007f23d40c1000 7075       3       java.util.concurrent.ThreadPoolExecutor::runStateOf (5 bytes)
Event: 1648.703 Thread 0x00007f23d40c1000 nmethod 7075 0x00007f23c550fd90 code [0x00007f23c550fee0, 0x00007f23c5510010]
Event: 1648.704 Thread 0x00007f23d40c1000 7076       3       org.springframework.util.ConcurrentReferenceHashMap$EntryIterator::next (37 bytes)
Event: 1648.704 Thread 0x00007f23d40c1000 nmethod 7076 0x00007f23c55031d0 code [0x00007f23c5503360, 0x00007f23c5503618]
Event: 1648.707 Thread 0x00007f23d40c1000 7077       3       org.springframework.util.ConcurrentReferenceHashMap$EntryIterator::moveToNextSegment (55 bytes)
Event: 1648.707 Thread 0x00007f23d40c1000 nmethod 7077 0x00007f23c5ee83d0 code [0x00007f23c5ee8540, 0x00007f23c5ee8790]

GC Heap History (10 events):
Event: 224.828 GC heap after
Heap after GC invocations=13 (full 3):
 PSYoungGen      total 374784K, used 0K [0x00000000d6f00000, 0x00000000ef380000, 0x0000000100000000)
  eden space 352768K, 0% used [0x00000000d6f00000,0x00000000d6f00000,0x00000000ec780000)
  from space 22016K, 0% used [0x00000000ede00000,0x00000000ede00000,0x00000000ef380000)
  to   space 22528K, 0% used [0x00000000ec780000,0x00000000ec780000,0x00000000edd80000)
 ParOldGen       total 94208K, used 27552K [0x0000000084c00000, 0x000000008a800000, 0x00000000d6f00000)
  object space 94208K, 29% used [0x0000000084c00000,0x00000000866e8208,0x000000008a800000)
 Metaspace       used 51609K, capacity 52244K, committed 52736K, reserved 1095680K
  class space    used 6630K, capacity 6799K, committed 6912K, reserved 1048576K
}
Event: 377.362 GC heap before
{Heap before GC invocations=14 (full 3):
 PSYoungGen      total 374784K, used 352768K [0x00000000d6f00000, 0x00000000ef380000, 0x0000000100000000)
  eden space 352768K, 100% used [0x00000000d6f00000,0x00000000ec780000,0x00000000ec780000)
  from space 22016K, 0% used [0x00000000ede00000,0x00000000ede00000,0x00000000ef380000)
  to   space 22528K, 0% used [0x00000000ec780000,0x00000000ec780000,0x00000000edd80000)
 ParOldGen       total 94208K, used 27552K [0x0000000084c00000, 0x000000008a800000, 0x00000000d6f00000)
  object space 94208K, 29% used [0x0000000084c00000,0x00000000866e8208,0x000000008a800000)
 Metaspace       used 52599K, capacity 53370K, committed 53504K, reserved 1095680K
  class space    used 6678K, capacity 6868K, committed 6912K, reserved 1048576K
Event: 377.374 GC heap after
Heap after GC invocations=14 (full 3):
 PSYoungGen      total 375296K, used 10689K [0x00000000d6f00000, 0x00000000f3500000, 0x0000000100000000)
  eden space 352768K, 0% used [0x00000000d6f00000,0x00000000d6f00000,0x00000000ec780000)
  from space 22528K, 47% used [0x00000000ec780000,0x00000000ed1f04c8,0x00000000edd80000)
  to   space 21504K, 0% used [0x00000000f2000000,0x00000000f2000000,0x00000000f3500000)
 ParOldGen       total 94208K, used 27560K [0x0000000084c00000, 0x000000008a800000, 0x00000000d6f00000)
  object space 94208K, 29% used [0x0000000084c00000,0x00000000866ea208,0x000000008a800000)
 Metaspace       used 52599K, capacity 53370K, committed 53504K, reserved 1095680K
  class space    used 6678K, capacity 6868K, committed 6912K, reserved 1048576K
}
Event: 870.380 GC heap before
{Heap before GC invocations=15 (full 3):
 PSYoungGen      total 375296K, used 363457K [0x00000000d6f00000, 0x00000000f3500000, 0x0000000100000000)
  eden space 352768K, 100% used [0x00000000d6f00000,0x00000000ec780000,0x00000000ec780000)
  from space 22528K, 47% used [0x00000000ec780000,0x00000000ed1f04c8,0x00000000edd80000)
  to   space 21504K, 0% used [0x00000000f2000000,0x00000000f2000000,0x00000000f3500000)
 ParOldGen       total 94208K, used 27560K [0x0000000084c00000, 0x000000008a800000, 0x00000000d6f00000)
  object space 94208K, 29% used [0x0000000084c00000,0x00000000866ea208,0x000000008a800000)
 Metaspace       used 52687K, capacity 53452K, committed 53760K, reserved 1095680K
  class space    used 6680K, capacity 6871K, committed 6912K, reserved 1048576K
Event: 870.397 GC heap after
Heap after GC invocations=15 (full 3):
 PSYoungGen      total 417792K, used 7496K [0x00000000d6f00000, 0x00000000f2800000, 0x0000000100000000)
  eden space 409600K, 0% used [0x00000000d6f00000,0x00000000d6f00000,0x00000000eff00000)
  from space 8192K, 91% used [0x00000000f2000000,0x00000000f2752190,0x00000000f2800000)
  to   space 20992K, 0% used [0x00000000eff00000,0x00000000eff00000,0x00000000f1380000)
 ParOldGen       total 94208K, used 27568K [0x0000000084c00000, 0x000000008a800000, 0x00000000d6f00000)
  object space 94208K, 29% used [0x0000000084c00000,0x00000000866ec208,0x000000008a800000)
 Metaspace       used 52687K, capacity 53452K, committed 53760K, reserved 1095680K
  class space    used 6680K, capacity 6871K, committed 6912K, reserved 1048576K
}
Event: 1468.664 GC heap before
{Heap before GC invocations=16 (full 3):
 PSYoungGen      total 417792K, used 417096K [0x00000000d6f00000, 0x00000000f2800000, 0x0000000100000000)
  eden space 409600K, 100% used [0x00000000d6f00000,0x00000000eff00000,0x00000000eff00000)
  from space 8192K, 91% used [0x00000000f2000000,0x00000000f2752190,0x00000000f2800000)
  to   space 20992K, 0% used [0x00000000eff00000,0x00000000eff00000,0x00000000f1380000)
 ParOldGen       total 94208K, used 27568K [0x0000000084c00000, 0x000000008a800000, 0x00000000d6f00000)
  object space 94208K, 29% used [0x0000000084c00000,0x00000000866ec208,0x000000008a800000)
 Metaspace       used 52701K, capacity 53452K, committed 53760K, reserved 1095680K
  class space    used 6680K, capacity 6871K, committed 6912K, reserved 1048576K
Event: 1468.680 GC heap after
Heap after GC invocations=16 (full 3):
 PSYoungGen      total 399872K, used 7479K [0x00000000d6f00000, 0x00000000f2080000, 0x0000000100000000)
  eden space 392192K, 0% used [0x00000000d6f00000,0x00000000d6f00000,0x00000000eee00000)
  from space 7680K, 97% used [0x00000000eff00000,0x00000000f064dd20,0x00000000f0680000)
  to   space 20992K, 0% used [0x00000000f0c00000,0x00000000f0c00000,0x00000000f2080000)
 ParOldGen       total 94208K, used 27568K [0x0000000084c00000, 0x000000008a800000, 0x00000000d6f00000)
  object space 94208K, 29% used [0x0000000084c00000,0x00000000866ec208,0x000000008a800000)
 Metaspace       used 52701K, capacity 53452K, committed 53760K, reserved 1095680K
  class space    used 6680K, capacity 6871K, committed 6912K, reserved 1048576K
}
Event: 1648.708 GC heap before
{Heap before GC invocations=17 (full 3):
 PSYoungGen      total 399872K, used 127114K [0x00000000d6f00000, 0x00000000f2080000, 0x0000000100000000)
  eden space 392192K, 30% used [0x00000000d6f00000,0x00000000de3d4e10,0x00000000eee00000)
  from space 7680K, 97% used [0x00000000eff00000,0x00000000f064dd20,0x00000000f0680000)
  to   space 20992K, 0% used [0x00000000f0c00000,0x00000000f0c00000,0x00000000f2080000)
 ParOldGen       total 94208K, used 27568K [0x0000000084c00000, 0x000000008a800000, 0x00000000d6f00000)
  object space 94208K, 29% used [0x0000000084c00000,0x00000000866ec208,0x000000008a800000)
 Metaspace       used 53056K, capacity 53810K, committed 54016K, reserved 1095680K
  class space    used 6721K, capacity 6905K, committed 6912K, reserved 1048576K
Event: 1648.718 GC heap after
Heap after GC invocations=17 (full 3):
 PSYoungGen      total 403456K, used 3754K [0x00000000d6f00000, 0x00000000f1700000, 0x0000000100000000)
  eden space 392192K, 0% used [0x00000000d6f00000,0x00000000d6f00000,0x00000000eee00000)
  from space 11264K, 33% used [0x00000000f0c00000,0x00000000f0faabf0,0x00000000f1700000)
  to   space 20992K, 0% used [0x00000000eee00000,0x00000000eee00000,0x00000000f0280000)
 ParOldGen       total 94208K, used 27568K [0x0000000084c00000, 0x000000008a800000, 0x00000000d6f00000)
  object space 94208K, 29% used [0x0000000084c00000,0x00000000866ec208,0x000000008a800000)
 Metaspace       used 53056K, capacity 53810K, committed 54016K, reserved 1095680K
  class space    used 6721K, capacity 6905K, committed 6912K, reserved 1048576K
}
Event: 1648.718 GC heap before
{Heap before GC invocations=18 (full 4):
 PSYoungGen      total 403456K, used 3754K [0x00000000d6f00000, 0x00000000f1700000, 0x0000000100000000)
  eden space 392192K, 0% used [0x00000000d6f00000,0x00000000d6f00000,0x00000000eee00000)
  from space 11264K, 33% used [0x00000000f0c00000,0x00000000f0faabf0,0x00000000f1700000)
  to   space 20992K, 0% used [0x00000000eee00000,0x00000000eee00000,0x00000000f0280000)
 ParOldGen       total 94208K, used 27568K [0x0000000084c00000, 0x000000008a800000, 0x00000000d6f00000)
  object space 94208K, 29% used [0x0000000084c00000,0x00000000866ec208,0x000000008a800000)
 Metaspace       used 53056K, capacity 53810K, committed 54016K, reserved 1095680K
  class space    used 6721K, capacity 6905K, committed 6912K, reserved 1048576K

Deoptimization events (10 events):
Event: 226.320 Thread 0x00007f235c265000 Uncommon trap: reason=speculate_class_check action=maybe_recompile pc=0x00007f23c61a3c98 method=java.nio.charset.CharsetDecoder.decode(Ljava/nio/ByteBuffer;Ljava/nio/CharBuffer;Z)Ljava/nio/charset/CoderResult; @ 57
Event: 227.477 Thread 0x00007f235c25e000 Uncommon trap: reason=null_check action=make_not_entrant pc=0x00007f23c622f328 method=org.springframework.core.annotation.AnnotatedElementUtils.searchWithFindSemantics(Ljava/lang/reflect/AnnotatedElement;Ljava/lang/Class;Ljava/lang/String;Ljava/lang/Class
Event: 418.254 Thread 0x00007f235c25d000 Uncommon trap: reason=speculate_class_check action=maybe_recompile pc=0x00007f23c52d35dc method=java.nio.charset.CharsetDecoder.flush(Ljava/nio/CharBuffer;)Ljava/nio/charset/CoderResult; @ 10
Event: 418.254 Thread 0x00007f235c25d000 Uncommon trap: reason=speculate_class_check action=maybe_recompile pc=0x00007f23c52d35dc method=java.nio.charset.CharsetDecoder.flush(Ljava/nio/CharBuffer;)Ljava/nio/charset/CoderResult; @ 10
Event: 418.254 Thread 0x00007f235c25d000 Uncommon trap: reason=speculate_class_check action=maybe_recompile pc=0x00007f23c52d35dc method=java.nio.charset.CharsetDecoder.flush(Ljava/nio/CharBuffer;)Ljava/nio/charset/CoderResult; @ 10
Event: 418.255 Thread 0x00007f235c25d000 Uncommon trap: reason=speculate_class_check action=maybe_recompile pc=0x00007f23c52d35dc method=java.nio.charset.CharsetDecoder.flush(Ljava/nio/CharBuffer;)Ljava/nio/charset/CoderResult; @ 10
Event: 1437.175 Thread 0x00007f235c215800 Uncommon trap: reason=unstable_if action=reinterpret pc=0x00007f23c5383a90 method=java.io.File.equals(Ljava/lang/Object;)Z @ 19
Event: 1437.578 Thread 0x00007f235c215800 Uncommon trap: reason=unstable_if action=reinterpret pc=0x00007f23c5db7724 method=java.io.File.equals(Ljava/lang/Object;)Z @ 19
Event: 1577.342 Thread 0x00007f235c215800 Uncommon trap: reason=unstable_if action=reinterpret pc=0x00007f23c62eb17c method=java.util.AbstractSet.equals(Ljava/lang/Object;)Z @ 31
Event: 1648.670 Thread 0x00007f2358002000 Uncommon trap: reason=class_check action=maybe_recompile pc=0x00007f23c55e7ccc method=java.util.HashMap.removeNode(ILjava/lang/Object;Ljava/lang/Object;ZZ)Ljava/util/HashMap$Node; @ 143

Internal exceptions (10 events):
Event: 225.739 Thread 0x00007f236404d000 Exception <a 'java/lang/ClassNotFoundException': com/neosoft/rec_pro/model/AddressCustomizer> (0x00000000e2596058) thrown at [/HUDSON3/workspace/8-2-build-linux-amd64/jdk8u144/9417/hotspot/src/share/vm/classfile/systemDictionary.cpp, line 210]
Event: 225.891 Thread 0x00007f236404d000 Exception <a 'java/lang/ClassNotFoundException': java/lang/ObjectCustomizer> (0x00000000e3b8c9b8) thrown at [/HUDSON3/workspace/8-2-build-linux-amd64/jdk8u144/9417/hotspot/src/share/vm/classfile/systemDictionary.cpp, line 210]
Event: 225.891 Thread 0x00007f236404d000 Exception <a 'java/lang/ClassNotFoundException': java/lang/reflect/ProxyCustomizer> (0x00000000e3b99438) thrown at [/HUDSON3/workspace/8-2-build-linux-amd64/jdk8u144/9417/hotspot/src/share/vm/classfile/systemDictionary.cpp, line 210]
Event: 225.892 Thread 0x00007f236404d000 Exception <a 'java/lang/ClassNotFoundException': com/sun/proxy/$Proxy103Customizer> (0x00000000e3bb14e0) thrown at [/HUDSON3/workspace/8-2-build-linux-amd64/jdk8u144/9417/hotspot/src/share/vm/classfile/systemDictionary.cpp, line 210]
Event: 225.893 Thread 0x00007f236404d000 Exception <a 'java/lang/ClassNotFoundException': org/hibernate/jpa/HibernateEntityManagerCustomizer> (0x00000000e3bf9008) thrown at [/HUDSON3/workspace/8-2-build-linux-amd64/jdk8u144/9417/hotspot/src/share/vm/classfile/systemDictionary.cpp, line 210]
Event: 225.893 Thread 0x00007f236404d000 Exception <a 'java/lang/ClassNotFoundException': org/springframework/orm/jpa/EntityManagerProxyCustomizer> (0x00000000e3c11470) thrown at [/HUDSON3/workspace/8-2-build-linux-amd64/jdk8u144/9417/hotspot/src/share/vm/classfile/systemDictionary.cpp, line 210
Event: 225.893 Thread 0x00007f236404d000 Exception <a 'java/lang/ClassNotFoundException': java/io/SerializableCustomizer> (0x00000000e3c1c5b8) thrown at [/HUDSON3/workspace/8-2-build-linux-amd64/jdk8u144/9417/hotspot/src/share/vm/classfile/systemDictionary.cpp, line 210]
Event: 227.477 Thread 0x00007f235c25e000 Implicit null exception at 0x00007f23c6225f6b to 0x00007f23c622f2f1
Event: 1648.688 Thread 0x00007f235c00c000 Exception <a 'java/lang/InterruptedException': sleep interrupted> (0x00000000d7ed4298) thrown at [/HUDSON3/workspace/8-2-build-linux-amd64/jdk8u144/9417/hotspot/src/share/vm/prims/jvm.cpp, line 3228]
Event: 1648.703 Thread 0x00007f235c00d000 Exception <a 'java/lang/InterruptedException': sleep interrupted> (0x00000000de2dfc68) thrown at [/HUDSON3/workspace/8-2-build-linux-amd64/jdk8u144/9417/hotspot/src/share/vm/prims/jvm.cpp, line 3228]

Events (10 events):
Event: 1648.703 Executing VM operation: RevokeBias done
Event: 1648.704 Executing VM operation: RevokeBias
Event: 1648.704 Executing VM operation: RevokeBias done
Event: 1648.704 Executing VM operation: RevokeBias
Event: 1648.704 Executing VM operation: RevokeBias done
Event: 1648.704 Thread 0x00007f235c00c000 Thread exited: 0x00007f235c00c000
Event: 1648.704 Thread 0x00007f2368002000 Thread exited: 0x00007f2368002000
Event: 1648.705 Thread 0x00007f23d40c1000 flushing nmethod 0x00007f23c5786f10
Event: 1648.705 Thread 0x00007f23d40c1000 flushing nmethod 0x00007f23c5818910
Event: 1648.708 Executing VM operation: ParallelGCSystemGC


Dynamic libraries:
00400000-00401000 r-xp 00000000 08:02 1577083                            /usr/lib/jvm/java-8-oracle/bin/java
00600000-00601000 rw-p 00000000 08:02 1577083                            /usr/lib/jvm/java-8-oracle/bin/java
00e5a000-00e7b000 rw-p 00000000 00:00 0                                  [heap]
84c00000-8a800000 rw-p 00000000 00:00 0 
8a800000-d6f00000 ---p 00000000 00:00 0 
d6f00000-f1700000 rw-p 00000000 00:00 0 
f1700000-100000000 ---p 00000000 00:00 0 
100000000-1006c0000 rw-p 00000000 00:00 0 
1006c0000-140000000 ---p 00000000 00:00 0 
7f2338000000-7f233802a000 rw-p 00000000 00:00 0 
7f233802a000-7f233c000000 ---p 00000000 00:00 0 
7f2340000000-7f23403fd000 rw-p 00000000 00:00 0 
7f23403fd000-7f2344000000 ---p 00000000 00:00 0 
7f2344000000-7f2344021000 rw-p 00000000 00:00 0 
7f2344021000-7f2348000000 ---p 00000000 00:00 0 
7f2348000000-7f2348244000 rw-p 00000000 00:00 0 
7f2348244000-7f234c000000 ---p 00000000 00:00 0 
7f234c000000-7f234c021000 rw-p 00000000 00:00 0 
7f234c021000-7f2350000000 ---p 00000000 00:00 0 
7f2352cf1000-7f2352ef1000 rw-p 00000000 00:00 0 
7f2352ef1000-7f2352ef4000 ---p 00000000 00:00 0 
7f2352ef4000-7f2352ff2000 rw-p 00000000 00:00 0 
7f2352ff2000-7f2352ff5000 ---p 00000000 00:00 0 
7f2352ff5000-7f23530f3000 rw-p 00000000 00:00 0 
7f23530f3000-7f23530f6000 ---p 00000000 00:00 0 
7f23530f6000-7f23531f4000 rw-p 00000000 00:00 0 
7f23531f4000-7f23531f7000 ---p 00000000 00:00 0 
7f23531f7000-7f23532f5000 rw-p 00000000 00:00 0 
7f23532f5000-7f23532f8000 ---p 00000000 00:00 0 
7f23532f8000-7f23533f6000 rw-p 00000000 00:00 0 
7f23533f6000-7f23533f9000 ---p 00000000 00:00 0 
7f23533f9000-7f23534f7000 rw-p 00000000 00:00 0 
7f23534f7000-7f23534fa000 ---p 00000000 00:00 0 
7f23534fa000-7f23535f8000 rw-p 00000000 00:00 0 
7f23535f8000-7f23535fb000 ---p 00000000 00:00 0 
7f23535fb000-7f23536f9000 rw-p 00000000 00:00 0 
7f23536f9000-7f23536fc000 ---p 00000000 00:00 0 
7f23536fc000-7f23537fa000 rw-p 00000000 00:00 0 
7f23537fa000-7f23537fd000 ---p 00000000 00:00 0 
7f23537fd000-7f23538fb000 rw-p 00000000 00:00 0 
7f23538fb000-7f23538fe000 ---p 00000000 00:00 0 
7f23538fe000-7f23539fc000 rw-p 00000000 00:00 0 
7f23539fc000-7f23539ff000 ---p 00000000 00:00 0 
7f23539ff000-7f2353afd000 rw-p 00000000 00:00 0 
7f2353afd000-7f2353b00000 ---p 00000000 00:00 0 
7f2353b00000-7f2353bfe000 rw-p 00000000 00:00 0 
7f2353bfe000-7f2353c01000 ---p 00000000 00:00 0 
7f2353c01000-7f2353eff000 rw-p 00000000 00:00 0 
7f2353eff000-7f2353f02000 ---p 00000000 00:00 0 
7f2353f02000-7f2354000000 rw-p 00000000 00:00 0 
7f2354000000-7f2354021000 rw-p 00000000 00:00 0 
7f2354021000-7f2358000000 ---p 00000000 00:00 0 
7f2358000000-7f2358021000 rw-p 00000000 00:00 0 
7f2358021000-7f235c000000 ---p 00000000 00:00 0 
7f235c000000-7f235c3ba000 rw-p 00000000 00:00 0 
7f235c3ba000-7f2360000000 ---p 00000000 00:00 0 
7f2360000000-7f2360021000 rw-p 00000000 00:00 0 
7f2360021000-7f2364000000 ---p 00000000 00:00 0 
7f2364000000-7f2364094000 rw-p 00000000 00:00 0 
7f2364094000-7f2368000000 ---p 00000000 00:00 0 
7f2368000000-7f236828e000 rw-p 00000000 00:00 0 
7f236828e000-7f236c000000 ---p 00000000 00:00 0 
7f236c000000-7f236d186000 rw-p 00000000 00:00 0 
7f236d186000-7f2370000000 ---p 00000000 00:00 0 
7f2370000000-7f2370397000 rw-p 00000000 00:00 0 
7f2370397000-7f2374000000 ---p 00000000 00:00 0 
7f2374000000-7f2374021000 rw-p 00000000 00:00 0 
7f2374021000-7f2378000000 ---p 00000000 00:00 0 
7f2378000000-7f2378025000 rw-p 00000000 00:00 0 
7f2378025000-7f237c000000 ---p 00000000 00:00 0 
7f237c000000-7f237c025000 rw-p 00000000 00:00 0 
7f237c025000-7f2380000000 ---p 00000000 00:00 0 
7f2380000000-7f2380021000 rw-p 00000000 00:00 0 
7f2380021000-7f2384000000 ---p 00000000 00:00 0 
7f2384000000-7f2384021000 rw-p 00000000 00:00 0 
7f2384021000-7f2388000000 ---p 00000000 00:00 0 
7f2388000000-7f2388021000 rw-p 00000000 00:00 0 
7f2388021000-7f238c000000 ---p 00000000 00:00 0 
7f238c0a1000-7f238c0a4000 ---p 00000000 00:00 0 
7f238c0a4000-7f238c1a2000 rw-p 00000000 00:00 0 
7f238c1a2000-7f238c1b8000 r-xp 00000000 08:02 5247444                    /lib/x86_64-linux-gnu/libgcc_s.so.1
7f238c1b8000-7f238c3b7000 ---p 00016000 08:02 5247444                    /lib/x86_64-linux-gnu/libgcc_s.so.1
7f238c3b7000-7f238c3b8000 rw-p 00015000 08:02 5247444                    /lib/x86_64-linux-gnu/libgcc_s.so.1
7f238c3b8000-7f238c3ea000 r-xp 00000000 08:02 1715742                    /usr/lib/jvm/java-8-oracle/jre/lib/amd64/libsunec.so
7f238c3ea000-7f238c5e9000 ---p 00032000 08:02 1715742                    /usr/lib/jvm/java-8-oracle/jre/lib/amd64/libsunec.so
7f238c5e9000-7f238c5ef000 rw-p 00031000 08:02 1715742                    /usr/lib/jvm/java-8-oracle/jre/lib/amd64/libsunec.so
7f238c5ef000-7f238c7ff000 rw-p 00000000 00:00 0 
7f238c7ff000-7f238c9ff000 rw-p 00000000 00:00 0 
7f238c9ff000-7f238cbff000 rw-p 00000000 00:00 0 
7f238cbff000-7f238cdff000 rw-p 00000000 00:00 0 
7f238cdff000-7f238cfff000 rw-p 00000000 00:00 0 
7f238cfff000-7f2390000000 rw-p 00000000 00:00 0 
7f2390000000-7f2392087000 rw-p 00000000 00:00 0 
7f2392087000-7f2394000000 ---p 00000000 00:00 0 
7f2394000000-7f2395535000 rw-p 00000000 00:00 0 
7f2395535000-7f2398000000 ---p 00000000 00:00 0 
7f2398000000-7f2398021000 rw-p 00000000 00:00 0 
7f2398021000-7f239c000000 ---p 00000000 00:00 0 
7f239c000000-7f239e1d4000 rw-p 00000000 00:00 0 
7f239e1d4000-7f23a0000000 ---p 00000000 00:00 0 
7f23a0000000-7f23a0021000 rw-p 00000000 00:00 0 
7f23a0021000-7f23a4000000 ---p 00000000 00:00 0 
7f23a4000000-7f23a4021000 rw-p 00000000 00:00 0 
7f23a4021000-7f23a8000000 ---p 00000000 00:00 0 
7f23a8000000-7f23a80f4000 rw-p 00000000 00:00 0 
7f23a80f4000-7f23ac000000 ---p 00000000 00:00 0 
7f23ac009000-7f23ac00c000 ---p 00000000 00:00 0 
7f23ac00c000-7f23ac30a000 rw-p 00000000 00:00 0 
7f23ac30a000-7f23ac50a000 rw-p 00000000 00:00 0 
7f23ac50a000-7f23ac50d000 ---p 00000000 00:00 0 
7f23ac50d000-7f23ac60b000 rw-p 00000000 00:00 0 
7f23ac60b000-7f23ac60e000 ---p 00000000 00:00 0 
7f23ac60e000-7f23ac70c000 rw-p 00000000 00:00 0 
7f23ac70c000-7f23ac70f000 ---p 00000000 00:00 0 
7f23ac70f000-7f23ac80d000 rw-p 00000000 00:00 0 
7f23ac80d000-7f23ac810000 ---p 00000000 00:00 0 
7f23ac810000-7f23acb0e000 rw-p 00000000 00:00 0 
7f23acb0e000-7f23acd0e000 rw-p 00000000 00:00 0 
7f23acd6f000-7f23acd71000 r--s 00009000 08:02 1715805                    /usr/lib/jvm/java-8-oracle/jre/lib/ext/sunec.jar
7f23acd71000-7f23acd74000 r--s 0001a000 08:02 1577168                    /usr/lib/jvm/java-8-oracle/jre/lib/jce.jar
7f23acd74000-7f23acd87000 r--s 00345000 08:02 1577164                    /usr/lib/jvm/java-8-oracle/jre/lib/resources.jar
7f23acd87000-7f23acf87000 rw-p 00000000 00:00 0 
7f23acf87000-7f23acf8c000 r--s 002f9000 08:02 1577110                    /usr/lib/jvm/java-8-oracle/jre/lib/charsets.jar
7f23acf8c000-7f23ad18c000 rw-p 00000000 00:00 0 
7f23ad18c000-7f23ad38c000 rw-p 00000000 00:00 0 
7f23ad38c000-7f23ad421000 r--s 01110000 08:02 1715804                    /usr/lib/jvm/java-8-oracle/jre/lib/ext/jfxrt.jar
7f23ad421000-7f23ad424000 ---p 00000000 00:00 0 
7f23ad424000-7f23ad722000 rw-p 00000000 00:00 0 
7f23ad722000-7f23ad922000 rw-p 00000000 00:00 0 
7f23ad922000-7f23adb22000 rw-p 00000000 00:00 0 
7f23adb22000-7f23adb25000 ---p 00000000 00:00 0 
7f23adb25000-7f23ade23000 rw-p 00000000 00:00 0 
7f23ade23000-7f23ade26000 ---p 00000000 00:00 0 
7f23ade26000-7f23adf24000 rw-p 00000000 00:00 0 
7f23adf24000-7f23adf27000 ---p 00000000 00:00 0 
7f23adf27000-7f23ae225000 rw-p 00000000 00:00 0 
7f23ae225000-7f23ae226000 ---p 00000000 00:00 0 
7f23ae226000-7f23ae326000 rw-p 00000000 00:00 0 
7f23ae326000-7f23ae329000 ---p 00000000 00:00 0 
7f23ae329000-7f23ae427000 rw-p 00000000 00:00 0 
7f23ae427000-7f23ae42a000 ---p 00000000 00:00 0 
7f23ae42a000-7f23ae528000 rw-p 00000000 00:00 0 
7f23ae528000-7f23ae52b000 ---p 00000000 00:00 0 
7f23ae52b000-7f23ae629000 rw-p 00000000 00:00 0 
7f23ae629000-7f23ae62e000 r--s 0009a000 08:02 1577109                    /usr/lib/jvm/java-8-oracle/jre/lib/jsse.jar
7f23ae62e000-7f23ae630000 r--s 00009000 08:02 6960523                    /home/neosoft/.m2/repository/org/apache/httpcomponents/httpmime/4.5.5/httpmime-4.5.5.jar
7f23ae630000-7f23ae636000 r--s 00048000 08:02 4721520                    /home/neosoft/.m2/repository/org/apache/commons/commons-lang3/3.1/commons-lang3-3.1.jar
7f23ae636000-7f23ae641000 r--s 00064000 08:02 6042154                    /home/neosoft/.m2/repository/org/springframework/data/spring-data-solr/2.1.10.RELEASE/spring-data-solr-2.1.10.RELEASE.jar
7f23ae641000-7f23ae642000 r--s 00006000 08:02 8009012                    /home/neosoft/.m2/repository/org/noggit/noggit/0.6/noggit-0.6.jar
7f23ae642000-7f23ae648000 r--s 00071000 08:02 7877501                    /home/neosoft/.m2/repository/org/codehaus/woodstox/woodstox-core-asl/4.4.1/woodstox-core-asl-4.4.1.jar
7f23ae648000-7f23ae64c000 r--s 00024000 08:02 7877499                    /home/neosoft/.m2/repository/org/codehaus/woodstox/stax2-api/3.1.4/stax2-api-3.1.4.jar
7f23ae64c000-7f23ae658000 r--s 000b6000 08:02 4726742                    /home/neosoft/.m2/repository/org/apache/zookeeper/zookeeper/3.4.6/zookeeper-3.4.6.jar
7f23ae658000-7f23ae65f000 r--s 00049000 08:02 6042151                    /home/neosoft/.m2/repository/org/apache/httpcomponents/httpcore/4.4.9/httpcore-4.4.9.jar
7f23ae65f000-7f23ae66d000 r--s 000ae000 08:02 5911390                    /home/neosoft/.m2/repository/org/apache/httpcomponents/httpclient/4.5.5/httpclient-4.5.5.jar
7f23ae66d000-7f23ae671000 r--s 0002a000 08:02 4724498                    /home/neosoft/.m2/repository/commons-io/commons-io/2.4/commons-io-2.4.jar
7f23ae671000-7f23ae67f000 r--s 0009c000 08:02 7746523                    /home/neosoft/.m2/repository/org/apache/solr/solr-solrj/5.5.5/solr-solrj-5.5.5.jar
7f23ae67f000-7f23ae680000 r--s 00000000 08:02 5911377                    /home/neosoft/.m2/repository/org/springframework/boot/spring-boot-starter-data-solr/1.5.10.RELEASE/spring-boot-starter-data-solr-1.5.10.RELEASE.jar
7f23ae680000-7f23ae683000 r--s 0000e000 08:02 4726276                    /home/neosoft/.m2/repository/org/jboss/logging/jboss-logging/3.3.1.Final/jboss-logging-3.3.1.Final.jar
7f23ae683000-7f23ae687000 r--s 00028000 08:02 4850712                    /home/neosoft/.m2/repository/org/hibernate/hibernate-jpamodelgen/5.0.12.Final/hibernate-jpamodelgen-5.0.12.Final.jar
7f23ae687000-7f23ae691000 r--s 000eb000 08:02 4864674                    /home/neosoft/.m2/repository/mysql/mysql-connector-java/5.1.45/mysql-connector-java-5.1.45.jar
7f23ae691000-7f23ae692000 r--s 0002b000 08:02 4596985                    /home/neosoft/.m2/repository/org/webjars/jquery/1.11.1/jquery-1.11.1.jar
7f23ae692000-7f23ae699000 r--s 0009b000 08:02 4596983                    /home/neosoft/.m2/repository/org/webjars/bootstrap/3.3.6/bootstrap-3.3.6.jar
7f23ae699000-7f23ae6c7000 r--s 00343000 08:02 4596981                    /home/neosoft/.m2/repository/org/webjars/angularjs/1.4.9/angularjs-1.4.9.jar
7f23ae6c7000-7f23ae6dd000 r--s 000fe000 08:02 4865133                    /home/neosoft/.m2/repository/org/springframework/spring-core/4.3.14.RELEASE/spring-core-4.3.14.RELEASE.jar
7f23ae6dd000-7f23ae6fd000 r--s 000e6000 08:02 4993218                    /home/neosoft/.m2/repository/org/springframework/boot/spring-boot-autoconfigure/1.5.10.RELEASE/spring-boot-autoconfigure-1.5.10.RELEASE.jar
7f23ae6fd000-7f23ae70d000 r--s 00095000 08:02 4865131                    /home/neosoft/.m2/repository/org/springframework/boot/spring-boot/1.5.10.RELEASE/spring-boot-1.5.10.RELEASE.jar
7f23ae70d000-7f23ae713000 r--s 0002f000 08:02 5257908                    /home/neosoft/.m2/repository/org/springframework/boot/spring-boot-devtools/1.5.10.RELEASE/spring-boot-devtools-1.5.10.RELEASE.jar
7f23ae713000-7f23ae718000 r--s 0003c000 08:02 4993216                    /home/neosoft/.m2/repository/org/springframework/spring-expression/4.3.14.RELEASE/spring-expression-4.3.14.RELEASE.jar
7f23ae718000-7f23ae72a000 r--s 000cf000 08:02 5257906                    /home/neosoft/.m2/repository/org/springframework/spring-webmvc/4.3.14.RELEASE/spring-webmvc-4.3.14.RELEASE.jar
7f23ae72a000-7f23ae73c000 r--s 000b8000 08:02 5127624                    /home/neosoft/.m2/repository/org/springframework/spring-web/4.3.14.RELEASE/spring-web-4.3.14.RELEASE.jar
7f23ae73c000-7f23ae740000 r--s 0000c000 08:02 4596760                    /home/neosoft/.m2/repository/javax/validation/validation-api/1.1.0.Final/validation-api-1.1.0.Final.jar
7f23ae740000-7f23ae751000 r--s 000a1000 08:02 4864285                    /home/neosoft/.m2/repository/org/hibernate/hibernate-validator/5.3.6.Final/hibernate-validator-5.3.6.Final.jar
7f23ae751000-7f23ae756000 r--s 0003a000 08:02 5127622                    /home/neosoft/.m2/repository/org/apache/tomcat/embed/tomcat-embed-websocket/8.5.27/tomcat-embed-websocket-8.5.27.jar
7f23ae756000-7f23ae77f000 r--s 002ce000 08:02 5127616                    /home/neosoft/.m2/repository/org/apache/tomcat/embed/tomcat-embed-core/8.5.27/tomcat-embed-core-8.5.27.jar
7f23ae77f000-7f23ae7e8000 r--s 004f3000 08:02 4864428                    /home/neosoft/.m2/repository/org/hibernate/hibernate-core/5.0.12.Final/hibernate-core-5.0.12.Final.jar
7f23ae7e8000-7f23ae7f9000 r-xp 00000000 08:02 1715759                    /usr/lib/jvm/java-8-oracle/jre/lib/amd64/libnio.so
7f23ae7f9000-7f23ae9f8000 ---p 00011000 08:02 1715759                    /usr/lib/jvm/java-8-oracle/jre/lib/amd64/libnio.so
7f23ae9f8000-7f23ae9f9000 rw-p 00010000 08:02 1715759                    /usr/lib/jvm/java-8-oracle/jre/lib/amd64/libnio.so
7f23ae9f9000-7f23aea0f000 r-xp 00000000 08:02 1715734                    /usr/lib/jvm/java-8-oracle/jre/lib/amd64/libnet.so
7f23aea0f000-7f23aec0f000 ---p 00016000 08:02 1715734                    /usr/lib/jvm/java-8-oracle/jre/lib/amd64/libnet.so
7f23aec0f000-7f23aec10000 rw-p 00016000 08:02 1715734                    /usr/lib/jvm/java-8-oracle/jre/lib/amd64/libnet.so
7f23aec10000-7f23aec19000 r-xp 00000000 08:02 1715770                    /usr/lib/jvm/java-8-oracle/jre/lib/amd64/libmanagement.so
7f23aec19000-7f23aee18000 ---p 00009000 08:02 1715770                    /usr/lib/jvm/java-8-oracle/jre/lib/amd64/libmanagement.so
7f23aee18000-7f23aee19000 rw-p 00008000 08:02 1715770                    /usr/lib/jvm/java-8-oracle/jre/lib/amd64/libmanagement.so
7f23aee19000-7f23aee1c000 ---p 00000000 00:00 0 
7f23aee1c000-7f23aef1a000 rw-p 00000000 00:00 0 
7f23aef1a000-7f23aef1d000 ---p 00000000 00:00 0 
7f23aef1d000-7f23af01b000 rw-p 00000000 00:00 0 
7f23af01b000-7f23af01e000 ---p 00000000 00:00 0 
7f23af01e000-7f23af11c000 rw-p 00000000 00:00 0 
7f23af11c000-7f23af11f000 ---p 00000000 00:00 0 
7f23af11f000-7f23af21d000 rw-p 00000000 00:00 0 
7f23af21d000-7f23af220000 ---p 00000000 00:00 0 
7f23af220000-7f23af31e000 rw-p 00000000 00:00 0 
7f23af31e000-7f23af5f6000 r--p 00000000 08:02 1182950                    /usr/lib/locale/locale-archive
7f23af5f6000-7f23af5f9000 ---p 00000000 00:00 0 
7f23af5f9000-7f23af6f7000 rw-p 00000000 00:00 0 
7f23af6f7000-7f23af6fa000 ---p 00000000 00:00 0 
7f23af6fa000-7f23af7f8000 rw-p 00000000 00:00 0 
7f23af7f8000-7f23af7f9000 ---p 00000000 00:00 0 
7f23af7f9000-7f23b0000000 rw-p 00000000 00:00 0 
7f23b0000000-7f23b0021000 rw-p 00000000 00:00 0 
7f23b0021000-7f23b4000000 ---p 00000000 00:00 0 
7f23b4000000-7f23b4002000 r--s 0000e000 08:02 4864287                    /home/neosoft/.m2/repository/com/fasterxml/classmate/1.3.4/classmate-1.3.4.jar
7f23b4002000-7f23b4006000 r--s 00037000 08:02 5127620                    /home/neosoft/.m2/repository/org/apache/tomcat/embed/tomcat-embed-el/8.5.27/tomcat-embed-el-8.5.27.jar
7f23b4006000-7f23b4008000 r--s 00002000 08:02 5127618                    /home/neosoft/.m2/repository/org/apache/tomcat/tomcat-annotations-api/8.5.27/tomcat-annotations-api-8.5.27.jar
7f23b4008000-7f23b4009000 r--s 00000000 08:02 5127614                    /home/neosoft/.m2/repository/org/springframework/boot/spring-boot-starter-tomcat/1.5.10.RELEASE/spring-boot-starter-tomcat-1.5.10.RELEASE.jar
7f23b4009000-7f23b400a000 r--s 00000000 08:02 4993210                    /home/neosoft/.m2/repository/org/springframework/boot/spring-boot-starter-web/1.5.10.RELEASE/spring-boot-starter-web-1.5.10.RELEASE.jar
7f23b400a000-7f23b400c000 r--s 00002000 08:02 6174746                    /home/neosoft/.m2/repository/org/atteo/evo-inflector/1.2.2/evo-inflector-1.2.2.jar
7f23b400c000-7f23b4011000 r--s 0002d000 08:02 6174742                    /home/neosoft/.m2/repository/org/springframework/hateoas/spring-hateoas/0.23.0.RELEASE/spring-hateoas-0.23.0.RELEASE.jar
7f23b4011000-7f23b4016000 r--s 0001b000 08:02 6175179                    /home/neosoft/.m2/repository/org/springframework/data/spring-data-rest-core/2.6.10.RELEASE/spring-data-rest-core-2.6.10.RELEASE.jar
7f23b4016000-7f23b401e000 r--s 00047000 08:02 6175177                    /home/neosoft/.m2/repository/org/springframework/data/spring-data-rest-webmvc/2.6.10.RELEASE/spring-data-rest-webmvc-2.6.10.RELEASE.jar
7f23b401e000-7f23b4022000 r--s 00042000 08:02 4864291                    /home/neosoft/.m2/repository/com/fasterxml/jackson/core/jackson-core/2.8.10/jackson-core-2.8.10.jar
7f23b4022000-7f23b4034000 r--s 0011e000 08:02 4864289                    /home/neosoft/.m2/repository/com/fasterxml/jackson/core/jackson-databind/2.8.10/jackson-databind-2.8.10.jar
7f23b4034000-7f23b4037000 r--s 0000b000 08:02 4726280                    /home/neosoft/.m2/repository/com/fasterxml/jackson/core/jackson-annotations/2.8.0/jackson-annotations-2.8.0.jar
7f23b4037000-7f23b4045000 r--s 000ad000 08:02 4993214                    /home/neosoft/.m2/repository/org/springframework/spring-beans/4.3.14.RELEASE/spring-beans-4.3.14.RELEASE.jar
7f23b4045000-7f23b405e000 r--s 000fe000 08:02 4865129                    /home/neosoft/.m2/repository/org/springframework/spring-context/4.3.14.RELEASE/spring-context-4.3.14.RELEASE.jar
7f23b405e000-7f23b8000000 rw-p 00000000 00:00 0 
7f23b8000000-7f23b8296000 rw-p 00000000 00:00 0 
7f23b8296000-7f23bc000000 ---p 00000000 00:00 0 
7f23bc000000-7f23bc021000 rw-p 00000000 00:00 0 
7f23bc021000-7f23c0000000 ---p 00000000 00:00 0 
7f23c0000000-7f23c0021000 rw-p 00000000 00:00 0 
7f23c0021000-7f23c4000000 ---p 00000000 00:00 0 
7f23c4000000-7f23c4003000 r--s 0000c000 08:02 7746650                    /home/neosoft/.m2/repository/org/springframework/spring-aspects/4.3.14.RELEASE/spring-aspects-4.3.14.RELEASE.jar
7f23c4003000-7f23c4005000 r--s 00003000 08:02 4721235                    /home/neosoft/.m2/repository/org/slf4j/jcl-over-slf4j/1.7.25/jcl-over-slf4j-1.7.25.jar
7f23c4005000-7f23c400d000 r--s 0003a000 08:02 7095250                    /home/neosoft/.m2/repository/org/springframework/spring-tx/4.3.14.RELEASE/spring-tx-4.3.14.RELEASE.jar
7f23c400d000-7f23c4020000 r--s 000ae000 08:02 7484167                    /home/neosoft/.m2/repository/org/springframework/data/spring-data-commons/1.13.10.RELEASE/spring-data-commons-1.13.10.RELEASE.jar
7f23c4020000-7f23c4626000 rw-p 00000000 00:00 0 
7f23c4626000-7f23c4800000 r--s 03d4d000 08:02 1577145                    /usr/lib/jvm/java-8-oracle/jre/lib/rt.jar
7f23c4800000-7f23c5000000 rw-p 00000000 00:00 0 
7f23c5000000-7f23c6350000 rwxp 00000000 00:00 0 
7f23c6350000-7f23d4000000 ---p 00000000 00:00 0 
7f23d4000000-7f23d4947000 rw-p 00000000 00:00 0 
7f23d4947000-7f23d8000000 ---p 00000000 00:00 0 
7f23d8000000-7f23d8002000 r--s 00009000 08:02 4721237                    /home/neosoft/.m2/repository/org/slf4j/slf4j-api/1.7.25/slf4j-api-1.7.25.jar
7f23d8002000-7f23d800c000 r--s 0006b000 08:02 7615361                    /home/neosoft/.m2/repository/org/springframework/spring-orm/4.3.14.RELEASE/spring-orm-4.3.14.RELEASE.jar
7f23d800c000-7f23d8013000 r--s 00041000 08:02 7223223                    /home/neosoft/.m2/repository/org/springframework/data/spring-data-jpa/1.11.10.RELEASE/spring-data-jpa-1.11.10.RELEASE.jar
7f23d8013000-7f23d8015000 r--s 00006000 08:02 4864440                    /home/neosoft/.m2/repository/javax/transaction/javax.transaction-api/1.2/javax.transaction-api-1.2.jar
7f23d8015000-7f23d8022000 r--s 00089000 08:02 4864438                    /home/neosoft/.m2/repository/org/hibernate/hibernate-entitymanager/5.0.12.Final/hibernate-entitymanager-5.0.12.Final.jar
7f23d8022000-7f23d8025000 r--s 00010000 08:02 4864436                    /home/neosoft/.m2/repository/org/hibernate/common/hibernate-commons-annotations/5.0.1.Final/hibernate-commons-annotations-5.0.1.Final.jar
7f23d8025000-7f23d802a000 r--s 00048000 08:02 4987236                    /home/neosoft/.m2/repository/dom4j/dom4j/1.6.1/dom4j-1.6.1.jar
7f23d802a000-7f23d802d000 r--s 0002b000 08:02 4864434                    /home/neosoft/.m2/repository/org/jboss/jandex/2.0.0.Final/jandex-2.0.0.Final.jar
7f23d802d000-7f23d8032000 r--s 00068000 08:02 4721129                    /home/neosoft/.m2/repository/antlr/antlr/2.7.7/antlr-2.7.7.jar
7f23d8032000-7f23d803c000 r--s 000aa000 08:02 4864432                    /home/neosoft/.m2/repository/org/javassist/javassist/3.21.0-GA/javassist-3.21.0-GA.jar
7f23d803c000-7f23d8041000 r--s 00017000 08:02 4864430                    /home/neosoft/.m2/repository/org/hibernate/javax/persistence/hibernate-jpa-2.1-api/1.0.0.Final/hibernate-jpa-2.1-api-1.0.0.Final.jar
7f23d8041000-7f23d804b000 r--s 0005f000 08:02 7095248                    /home/neosoft/.m2/repository/org/springframework/spring-jdbc/4.3.14.RELEASE/spring-jdbc-4.3.14.RELEASE.jar
7f23d804b000-7f23d804e000 r--s 00021000 08:02 6828636                    /home/neosoft/.m2/repository/org/apache/tomcat/tomcat-jdbc/8.5.27/tomcat-jdbc-8.5.27.jar
7f23d804e000-7f23d8067000 r--s 001bf000 08:02 4864418                    /home/neosoft/.m2/repository/org/aspectj/aspectjweaver/1.8.13/aspectjweaver-1.8.13.jar
7f23d8067000-7f23d8070000 r--s 00054000 08:02 4993212                    /home/neosoft/.m2/repository/org/springframework/spring-aop/4.3.14.RELEASE/spring-aop-4.3.14.RELEASE.jar
7f23d8070000-7f23d8593000 rw-p 00000000 00:00 0 
7f23d8593000-7f23d8594000 ---p 00000000 00:00 0 
7f23d8594000-7f23d8694000 rw-p 00000000 00:00 0 
7f23d8694000-7f23d8695000 ---p 00000000 00:00 0 
7f23d8695000-7f23d8795000 rw-p 00000000 00:00 0 
7f23d8795000-7f23d8796000 ---p 00000000 00:00 0 
7f23d8796000-7f23d8896000 rw-p 00000000 00:00 0 
7f23d8896000-7f23d8897000 ---p 00000000 00:00 0 
7f23d8897000-7f23d89c5000 rw-p 00000000 00:00 0 
7f23d89c5000-7f23d8c29000 ---p 00000000 00:00 0 
7f23d8c29000-7f23d8c57000 rw-p 00000000 00:00 0 
7f23d8c57000-7f23d8eba000 ---p 00000000 00:00 0 
7f23d8eba000-7f23d8f8f000 rw-p 00000000 00:00 0 
7f23d8f8f000-7f23d9003000 ---p 00000000 00:00 0 
7f23d9003000-7f23d9052000 rw-p 00000000 00:00 0 
7f23d9052000-7f23d93c4000 ---p 00000000 00:00 0 
7f23d93c4000-7f23d93de000 r-xp 00000000 08:02 1715757                    /usr/lib/jvm/java-8-oracle/jre/lib/amd64/libzip.so
7f23d93de000-7f23d95de000 ---p 0001a000 08:02 1715757                    /usr/lib/jvm/java-8-oracle/jre/lib/amd64/libzip.so
7f23d95de000-7f23d95df000 rw-p 0001a000 08:02 1715757                    /usr/lib/jvm/java-8-oracle/jre/lib/amd64/libzip.so
7f23d95df000-7f23d95ea000 r-xp 00000000 08:02 5247533                    /lib/x86_64-linux-gnu/libnss_files-2.23.so
7f23d95ea000-7f23d97e9000 ---p 0000b000 08:02 5247533                    /lib/x86_64-linux-gnu/libnss_files-2.23.so
7f23d97e9000-7f23d97ea000 r--p 0000a000 08:02 5247533                    /lib/x86_64-linux-gnu/libnss_files-2.23.so
7f23d97ea000-7f23d97eb000 rw-p 0000b000 08:02 5247533                    /lib/x86_64-linux-gnu/libnss_files-2.23.so
7f23d97eb000-7f23d97f1000 rw-p 00000000 00:00 0 
7f23d97f1000-7f23d97fc000 r-xp 00000000 08:02 5247561                    /lib/x86_64-linux-gnu/libnss_nis-2.23.so
7f23d97fc000-7f23d99fb000 ---p 0000b000 08:02 5247561                    /lib/x86_64-linux-gnu/libnss_nis-2.23.so
7f23d99fb000-7f23d99fc000 r--p 0000a000 08:02 5247561                    /lib/x86_64-linux-gnu/libnss_nis-2.23.so
7f23d99fc000-7f23d99fd000 rw-p 0000b000 08:02 5247561                    /lib/x86_64-linux-gnu/libnss_nis-2.23.so
7f23d99fd000-7f23d9a13000 r-xp 00000000 08:02 5247385                    /lib/x86_64-linux-gnu/libnsl-2.23.so
7f23d9a13000-7f23d9c12000 ---p 00016000 08:02 5247385                    /lib/x86_64-linux-gnu/libnsl-2.23.so
7f23d9c12000-7f23d9c13000 r--p 00015000 08:02 5247385                    /lib/x86_64-linux-gnu/libnsl-2.23.so
7f23d9c13000-7f23d9c14000 rw-p 00016000 08:02 5247385                    /lib/x86_64-linux-gnu/libnsl-2.23.so
7f23d9c14000-7f23d9c16000 rw-p 00000000 00:00 0 
7f23d9c16000-7f23d9c1e000 r-xp 00000000 08:02 5247507                    /lib/x86_64-linux-gnu/libnss_compat-2.23.so
7f23d9c1e000-7f23d9e1d000 ---p 00008000 08:02 5247507                    /lib/x86_64-linux-gnu/libnss_compat-2.23.so
7f23d9e1d000-7f23d9e1e000 r--p 00007000 08:02 5247507                    /lib/x86_64-linux-gnu/libnss_compat-2.23.so
7f23d9e1e000-7f23d9e1f000 rw-p 00008000 08:02 5247507                    /lib/x86_64-linux-gnu/libnss_compat-2.23.so
7f23d9e1f000-7f23d9e4a000 r-xp 00000000 08:02 1715784                    /usr/lib/jvm/java-8-oracle/jre/lib/amd64/libjava.so
7f23d9e4a000-7f23da049000 ---p 0002b000 08:02 1715784                    /usr/lib/jvm/java-8-oracle/jre/lib/amd64/libjava.so
7f23da049000-7f23da04b000 rw-p 0002a000 08:02 1715784                    /usr/lib/jvm/java-8-oracle/jre/lib/amd64/libjava.so
7f23da04b000-7f23da058000 r-xp 00000000 08:02 1715735                    /usr/lib/jvm/java-8-oracle/jre/lib/amd64/libverify.so
7f23da058000-7f23da258000 ---p 0000d000 08:02 1715735                    /usr/lib/jvm/java-8-oracle/jre/lib/amd64/libverify.so
7f23da258000-7f23da25a000 rw-p 0000d000 08:02 1715735                    /usr/lib/jvm/java-8-oracle/jre/lib/amd64/libverify.so
7f23da25a000-7f23da261000 r-xp 00000000 08:02 5247575                    /lib/x86_64-linux-gnu/librt-2.23.so
7f23da261000-7f23da460000 ---p 00007000 08:02 5247575                    /lib/x86_64-linux-gnu/librt-2.23.so
7f23da460000-7f23da461000 r--p 00006000 08:02 5247575                    /lib/x86_64-linux-gnu/librt-2.23.so
7f23da461000-7f23da462000 rw-p 00007000 08:02 5247575                    /lib/x86_64-linux-gnu/librt-2.23.so
7f23da462000-7f23da56a000 r-xp 00000000 08:02 5247382                    /lib/x86_64-linux-gnu/libm-2.23.so
7f23da56a000-7f23da769000 ---p 00108000 08:02 5247382                    /lib/x86_64-linux-gnu/libm-2.23.so
7f23da769000-7f23da76a000 r--p 00107000 08:02 5247382                    /lib/x86_64-linux-gnu/libm-2.23.so
7f23da76a000-7f23da76b000 rw-p 00108000 08:02 5247382                    /lib/x86_64-linux-gnu/libm-2.23.so
7f23da76b000-7f23db43e000 r-xp 00000000 08:02 1715788                    /usr/lib/jvm/java-8-oracle/jre/lib/amd64/server/libjvm.so
7f23db43e000-7f23db63d000 ---p 00cd3000 08:02 1715788                    /usr/lib/jvm/java-8-oracle/jre/lib/amd64/server/libjvm.so
7f23db63d000-7f23db717000 rw-p 00cd2000 08:02 1715788                    /usr/lib/jvm/java-8-oracle/jre/lib/amd64/server/libjvm.so
7f23db717000-7f23db762000 rw-p 00000000 00:00 0 
7f23db762000-7f23db922000 r-xp 00000000 08:02 5247431                    /lib/x86_64-linux-gnu/libc-2.23.so
7f23db922000-7f23dbb22000 ---p 001c0000 08:02 5247431                    /lib/x86_64-linux-gnu/libc-2.23.so
7f23dbb22000-7f23dbb26000 r--p 001c0000 08:02 5247431                    /lib/x86_64-linux-gnu/libc-2.23.so
7f23dbb26000-7f23dbb28000 rw-p 001c4000 08:02 5247431                    /lib/x86_64-linux-gnu/libc-2.23.so
7f23dbb28000-7f23dbb2c000 rw-p 00000000 00:00 0 
7f23dbb2c000-7f23dbb2f000 r-xp 00000000 08:02 5247478                    /lib/x86_64-linux-gnu/libdl-2.23.so
7f23dbb2f000-7f23dbd2e000 ---p 00003000 08:02 5247478                    /lib/x86_64-linux-gnu/libdl-2.23.so
7f23dbd2e000-7f23dbd2f000 r--p 00002000 08:02 5247478                    /lib/x86_64-linux-gnu/libdl-2.23.so
7f23dbd2f000-7f23dbd30000 rw-p 00003000 08:02 5247478                    /lib/x86_64-linux-gnu/libdl-2.23.so
7f23dbd30000-7f23dbd45000 r-xp 00000000 08:02 1444999                    /usr/lib/jvm/java-8-oracle/lib/amd64/jli/libjli.so
7f23dbd45000-7f23dbf45000 ---p 00015000 08:02 1444999                    /usr/lib/jvm/java-8-oracle/lib/amd64/jli/libjli.so
7f23dbf45000-7f23dbf46000 rw-p 00015000 08:02 1444999                    /usr/lib/jvm/java-8-oracle/lib/amd64/jli/libjli.so
7f23dbf46000-7f23dbf5e000 r-xp 00000000 08:02 5247417                    /lib/x86_64-linux-gnu/libpthread-2.23.so
7f23dbf5e000-7f23dc15d000 ---p 00018000 08:02 5247417                    /lib/x86_64-linux-gnu/libpthread-2.23.so
7f23dc15d000-7f23dc15e000 r--p 00017000 08:02 5247417                    /lib/x86_64-linux-gnu/libpthread-2.23.so
7f23dc15e000-7f23dc15f000 rw-p 00018000 08:02 5247417                    /lib/x86_64-linux-gnu/libpthread-2.23.so
7f23dc15f000-7f23dc163000 rw-p 00000000 00:00 0 
7f23dc163000-7f23dc189000 r-xp 00000000 08:02 5247407                    /lib/x86_64-linux-gnu/ld-2.23.so
7f23dc189000-7f23dc18a000 r--s 00004000 08:02 6174744                    /home/neosoft/.m2/repository/org/springframework/plugin/spring-plugin-core/1.2.0.RELEASE/spring-plugin-core-1.2.0.RELEASE.jar
7f23dc18a000-7f23dc190000 r--s 0003d000 08:02 4596735                    /home/neosoft/.m2/repository/org/yaml/snakeyaml/1.17/snakeyaml-1.17.jar
7f23dc190000-7f23dc19b000 r--s 0006a000 08:02 4726260                    /home/neosoft/.m2/repository/ch/qos/logback/logback-core/1.1.11/logback-core-1.1.11.jar
7f23dc19b000-7f23dc266000 rw-p 00000000 00:00 0 
7f23dc266000-7f23dc269000 ---p 00000000 00:00 0 
7f23dc269000-7f23dc36c000 rw-p 00000000 00:00 0 
7f23dc36c000-7f23dc36d000 r--s 00000000 08:02 6175175                    /home/neosoft/.m2/repository/org/springframework/boot/spring-boot-starter-data-rest/1.5.10.RELEASE/spring-boot-starter-data-rest-1.5.10.RELEASE.jar
7f23dc36d000-7f23dc36e000 r--s 0000b000 08:02 6960527                    /home/neosoft/.m2/repository/org/apache/tomcat/tomcat-juli/8.5.27/tomcat-juli-8.5.27.jar
7f23dc36e000-7f23dc36f000 r--s 00000000 08:02 6699435                    /home/neosoft/.m2/repository/org/springframework/boot/spring-boot-starter-jdbc/1.5.10.RELEASE/spring-boot-starter-jdbc-1.5.10.RELEASE.jar
7f23dc36f000-7f23dc370000 r--s 00000000 08:02 6568881                    /home/neosoft/.m2/repository/org/springframework/boot/spring-boot-starter-aop/1.5.10.RELEASE/spring-boot-starter-aop-1.5.10.RELEASE.jar
7f23dc370000-7f23dc372000 r--s 00004000 08:02 4726264                    /home/neosoft/.m2/repository/org/slf4j/log4j-over-slf4j/1.7.25/log4j-over-slf4j-1.7.25.jar
7f23dc372000-7f23dc374000 r--s 00000000 08:02 4726262                    /home/neosoft/.m2/repository/org/slf4j/jul-to-slf4j/1.7.25/jul-to-slf4j-1.7.25.jar
7f23dc374000-7f23dc37b000 r--s 00045000 08:02 4726258                    /home/neosoft/.m2/repository/ch/qos/logback/logback-classic/1.1.11/logback-classic-1.1.11.jar
7f23dc37b000-7f23dc37c000 r--s 00000000 08:02 4993208                    /home/neosoft/.m2/repository/org/springframework/boot/spring-boot-starter-logging/1.5.10.RELEASE/spring-boot-starter-logging-1.5.10.RELEASE.jar
7f23dc37c000-7f23dc37d000 r--s 00000000 08:02 4865127                    /home/neosoft/.m2/repository/org/springframework/boot/spring-boot-starter/1.5.10.RELEASE/spring-boot-starter-1.5.10.RELEASE.jar
7f23dc37d000-7f23dc37e000 r--s 00000000 08:02 6307831                    /home/neosoft/.m2/repository/org/springframework/boot/spring-boot-starter-data-jpa/1.5.10.RELEASE/spring-boot-starter-data-jpa-1.5.10.RELEASE.jar
7f23dc37e000-7f23dc386000 rw-s 00000000 08:02 3539033                    /tmp/hsperfdata_neosoft/21031
7f23dc386000-7f23dc387000 rw-p 00000000 00:00 0 
7f23dc387000-7f23dc388000 ---p 00000000 00:00 0 
7f23dc388000-7f23dc389000 r--p 00025000 08:02 5247407                    /lib/x86_64-linux-gnu/ld-2.23.so
7f23dc389000-7f23dc38a000 rw-p 00026000 08:02 5247407                    /lib/x86_64-linux-gnu/ld-2.23.so
7f23dc38a000-7f23dc38b000 rw-p 00000000 00:00 0 
7ffdfa6e4000-7ffdfa707000 rw-p 00000000 00:00 0                          [stack]
7ffdfa7de000-7ffdfa7e1000 r--p 00000000 00:00 0                          [vvar]
7ffdfa7e1000-7ffdfa7e3000 r-xp 00000000 00:00 0                          [vdso]
ffffffffff600000-ffffffffff601000 r-xp 00000000 00:00 0                  [vsyscall]

VM Arguments:
jvm_args: -Dcom.sun.management.jmxremote -Dcom.sun.management.jmxremote.port=45440 -Dcom.sun.management.jmxremote.authenticate=false -Dcom.sun.management.jmxremote.ssl=false -Dspring.liveBeansView.mbeanDomain -Dspring.application.admin.enabled=true -Djava.security.egd=file:/dev/./urandom -Dfile.encoding=UTF-8 
java_command: com.neosoft.rec_pro.RecruitmentProcessApplication
java_class_path (initial): /media/neosoft/126cafe0-b0ce-447a-aaed-607836cebb39/Recruitment/recruitment_process/target/classes:/home/neosoft/.m2/repository/org/springframework/boot/spring-boot-starter-data-jpa/1.5.10.RELEASE/spring-boot-starter-data-jpa-1.5.10.RELEASE.jar:/home/neosoft/.m2/repository/org/springframework/boot/spring-boot-starter/1.5.10.RELEASE/spring-boot-starter-1.5.10.RELEASE.jar:/home/neosoft/.m2/repository/org/springframework/boot/spring-boot-starter-logging/1.5.10.RELEASE/spring-boot-starter-logging-1.5.10.RELEASE.jar:/home/neosoft/.m2/repository/ch/qos/logback/logback-classic/1.1.11/logback-classic-1.1.11.jar:/home/neosoft/.m2/repository/ch/qos/logback/logback-core/1.1.11/logback-core-1.1.11.jar:/home/neosoft/.m2/repository/org/slf4j/jul-to-slf4j/1.7.25/jul-to-slf4j-1.7.25.jar:/home/neosoft/.m2/repository/org/slf4j/log4j-over-slf4j/1.7.25/log4j-over-slf4j-1.7.25.jar:/home/neosoft/.m2/repository/org/yaml/snakeyaml/1.17/snakeyaml-1.17.jar:/home/neosoft/.m2/repository/org/springframework/boot/spring-boot-starter-aop/1.5.10.RELEASE/spring-boot-starter-aop-1.5.10.RELEASE.jar:/home/neosoft/.m2/repository/org/springframework/spring-aop/4.3.14.RELEASE/spring-aop-4.3.14.RELEASE.jar:/home/neosoft/.m2/repository/org/aspectj/aspectjweaver/1.8.13/aspectjweaver-1.8.13.jar:/home/neosoft/.m2/repository/org/springframework/boot/spring-boot-starter-jdbc/1.5.10.RELEASE/spring-boot-starter-jdbc-1.5.10.RELEASE.jar:/home/neosoft/.m2/repository/org/apache/tomcat/tomcat-jdbc/8.5.27/tomcat-jdbc-8.5.27.jar:/home/neosoft/.m2/repository/org/apache/tomcat/tomcat-juli/8.5.27/tomcat-juli-8.5.27.jar:/home/neosoft/.m2/repository/org/springframework/spring-jdbc/4.3.14.RELEASE/spring-jdbc-4.3.14.RELEASE.jar:/home/neosoft/.m2/repository/org/hibernate/hibernate-core/5.0.12.Final/hibernate-core-5.0.12.Final.jar:/home/neosoft/.m2/repository/org/hibernate/javax/persistence/hibernate-jpa-2.1-api/1.0.0.Final/hibernate-jpa-2.1-api-1.0.0.Final.jar:/home/neosoft/.m2/repository/org/javass
Launcher Type: SUN_STANDARD

Environment Variables:
JAVA_HOME=/usr/lib/jvm/java-8-oracle
PATH=/home/neosoft/bin:/home/neosoft/.local/bin:/usr/local/sbin:/usr/local/bin:/usr/sbin:/usr/bin:/sbin:/bin:/usr/games:/usr/local/games:/snap/bin:/usr/lib/jvm/java-8-oracle/bin:/usr/lib/jvm/java-8-oracle/db/bin:/usr/lib/jvm/java-8-oracle/jre/bin
SHELL=/bin/bash
DISPLAY=:0

Signal Handlers:
SIGSEGV: [libjvm.so+0xacba10], sa_mask[0]=11111111011111111101111111111110, sa_flags=SA_RESTART|SA_SIGINFO
SIGBUS: [libjvm.so+0xacba10], sa_mask[0]=11111111011111111101111111111110, sa_flags=SA_RESTART|SA_SIGINFO
SIGFPE: [libjvm.so+0x924ba0], sa_mask[0]=11111111011111111101111111111110, sa_flags=SA_RESTART|SA_SIGINFO
SIGPIPE: [libjvm.so+0x924ba0], sa_mask[0]=11111111011111111101111111111110, sa_flags=SA_RESTART|SA_SIGINFO
SIGXFSZ: [libjvm.so+0x924ba0], sa_mask[0]=11111111011111111101111111111110, sa_flags=SA_RESTART|SA_SIGINFO
SIGILL: [libjvm.so+0x924ba0], sa_mask[0]=11111111011111111101111111111110, sa_flags=SA_RESTART|SA_SIGINFO
SIGUSR1: SIG_DFL, sa_mask[0]=00000000000000000000000000000000, sa_flags=none
SIGUSR2: [libjvm.so+0x9263e0], sa_mask[0]=00100000000000000000000000000000, sa_flags=SA_RESTART|SA_SIGINFO
SIGHUP: [libjvm.so+0x9277e0], sa_mask[0]=11111111011111111101111111111110, sa_flags=SA_RESTART|SA_SIGINFO
SIGINT: [libjvm.so+0x9277e0], sa_mask[0]=11111111011111111101111111111110, sa_flags=SA_RESTART|SA_SIGINFO
SIGTERM: [libjvm.so+0x9277e0], sa_mask[0]=11111111011111111101111111111110, sa_flags=SA_RESTART|SA_SIGINFO
SIGQUIT: [libjvm.so+0x9277e0], sa_mask[0]=11111111011111111101111111111110, sa_flags=SA_RESTART|SA_SIGINFO


---------------  S Y S T E M  ---------------

OS:DISTRIB_ID=Ubuntu
DISTRIB_RELEASE=16.04
DISTRIB_CODENAME=xenial
DISTRIB_DESCRIPTION="Ubuntu 16.04.1 LTS"

uname:Linux 4.4.0-112-generic #135-Ubuntu SMP Fri Jan 19 11:48:36 UTC 2018 x86_64
libc:glibc 2.23 NPTL 2.23 
rlimit: STACK 8192k, CORE 0k, NPROC 31383, NOFILE 1048576, AS infinity
load average:0.58 1.02 0.99

/proc/meminfo:
MemTotal:        8073436 kB
MemFree:          380032 kB
MemAvailable:    1295608 kB
Buffers:          130476 kB
Cached:          1655752 kB
SwapCached:         7376 kB
Active:          5792784 kB
Inactive:        1485120 kB
Active(anon):    5235296 kB
Inactive(anon):  1033516 kB
Active(file):     557488 kB
Inactive(file):   451604 kB
Unevictable:         168 kB
Mlocked:             168 kB
SwapTotal:       1561596 kB
SwapFree:        1501692 kB
Dirty:               368 kB
Writeback:             0 kB
AnonPages:       5485540 kB
Mapped:           828620 kB
Shmem:            776280 kB
Slab:             259708 kB
SReclaimable:     210360 kB
SUnreclaim:        49348 kB
KernelStack:       17840 kB
PageTables:        75088 kB
NFS_Unstable:          0 kB
Bounce:                0 kB
WritebackTmp:          0 kB
CommitLimit:     5598312 kB
Committed_AS:   15303188 kB
VmallocTotal:   34359738367 kB
VmallocUsed:           0 kB
VmallocChunk:          0 kB
HardwareCorrupted:     0 kB
AnonHugePages:   2756608 kB
CmaTotal:              0 kB
CmaFree:               0 kB
HugePages_Total:       0
HugePages_Free:        0
HugePages_Rsvd:        0
HugePages_Surp:        0
Hugepagesize:       2048 kB
DirectMap4k:      207680 kB
DirectMap2M:     8079360 kB
DirectMap1G:     1048576 kB


CPU:total 4 (initial active 4) (4 cores per cpu, 1 threads per core) family 6 model 60 stepping 3, cmov, cx8, fxsr, mmx, sse, sse2, sse3, ssse3, sse4.1, sse4.2, popcnt, avx, avx2, aes, clmul, erms, lzcnt, tsc, tscinvbit, bmi1, bmi2

/proc/cpuinfo:
processor	: 0
vendor_id	: GenuineIntel
cpu family	: 6
model		: 60
model name	: Intel(R) Core(TM) i5-4440S CPU @ 2.80GHz
stepping	: 3
microcode	: 0x19
cpu MHz		: 2899.968
cache size	: 6144 KB
physical id	: 0
siblings	: 4
core id		: 0
cpu cores	: 4
apicid		: 0
initial apicid	: 0
fpu		: yes
fpu_exception	: yes
cpuid level	: 13
wp		: yes
flags		: fpu vme de pse tsc msr pae mce cx8 apic sep mtrr pge mca cmov pat pse36 clflush dts acpi mmx fxsr sse sse2 ss ht tm pbe syscall nx pdpe1gb rdtscp lm constant_tsc arch_perfmon pebs bts rep_good nopl xtopology nonstop_tsc aperfmperf eagerfpu pni pclmulqdq dtes64 monitor ds_cpl vmx est tm2 ssse3 sdbg fma cx16 xtpr pdcm pcid sse4_1 sse4_2 x2apic movbe popcnt tsc_deadline_timer aes xsave avx f16c rdrand lahf_lm abm invpcid_single kaiser tpr_shadow vnmi flexpriority ept vpid fsgsbase tsc_adjust bmi1 avx2 smep bmi2 erms invpcid xsaveopt dtherm ida arat pln pts
bugs		:
bogomips	: 5587.32
clflush size	: 64
cache_alignment	: 64
address sizes	: 39 bits physical, 48 bits virtual
power management:

processor	: 1
vendor_id	: GenuineIntel
cpu family	: 6
model		: 60
model name	: Intel(R) Core(TM) i5-4440S CPU @ 2.80GHz
stepping	: 3
microcode	: 0x19
cpu MHz		: 2901.062
cache size	: 6144 KB
physical id	: 0
siblings	: 4
core id		: 1
cpu cores	: 4
apicid		: 2
initial apicid	: 2
fpu		: yes
fpu_exception	: yes
cpuid level	: 13
wp		: yes
flags		: fpu vme de pse tsc msr pae mce cx8 apic sep mtrr pge mca cmov pat pse36 clflush dts acpi mmx fxsr sse sse2 ss ht tm pbe syscall nx pdpe1gb rdtscp lm constant_tsc arch_perfmon pebs bts rep_good nopl xtopology nonstop_tsc aperfmperf eagerfpu pni pclmulqdq dtes64 monitor ds_cpl vmx est tm2 ssse3 sdbg fma cx16 xtpr pdcm pcid sse4_1 sse4_2 x2apic movbe popcnt tsc_deadline_timer aes xsave avx f16c rdrand lahf_lm abm invpcid_single kaiser tpr_shadow vnmi flexpriority ept vpid fsgsbase tsc_adjust bmi1 avx2 smep bmi2 erms invpcid xsaveopt dtherm ida arat pln pts
bugs		:
bogomips	: 5587.32
clflush size	: 64
cache_alignment	: 64
address sizes	: 39 bits physical, 48 bits virtual
power management:

processor	: 2
vendor_id	: GenuineIntel
cpu family	: 6
model		: 60
model name	: Intel(R) Core(TM) i5-4440S CPU @ 2.80GHz
stepping	: 3
microcode	: 0x19
cpu MHz		: 2899.968
cache size	: 6144 KB
physical id	: 0
siblings	: 4
core id		: 2
cpu cores	: 4
apicid		: 4
initial apicid	: 4
fpu		: yes
fpu_exception	: yes
cpuid level	: 13
wp		: yes
flags		: fpu vme de pse tsc msr pae mce cx8 apic sep mtrr pge mca cmov pat pse36 clflush dts acpi mmx fxsr sse sse2 ss ht tm pbe syscall nx pdpe1gb rdtscp lm constant_tsc arch_perfmon pebs bts rep_good nopl xtopology nonstop_tsc aperfmperf eagerfpu pni pclmulqdq dtes64 monitor ds_cpl vmx est tm2 ssse3 sdbg fma cx16 xtpr pdcm pcid sse4_1 sse4_2 x2apic movbe popcnt tsc_deadline_timer aes xsave avx f16c rdrand lahf_lm abm invpcid_single kaiser tpr_shadow vnmi flexpriority ept vpid fsgsbase tsc_adjust bmi1 avx2 smep bmi2 erms invpcid xsaveopt dtherm ida arat pln pts
bugs		:
bogomips	: 5587.32
clflush size	: 64
cache_alignment	: 64
address sizes	: 39 bits physical, 48 bits virtual
power management:

processor	: 3
vendor_id	: GenuineIntel
cpu family	: 6
model		: 60
model name	: Intel(R) Core(TM) i5-4440S CPU @ 2.80GHz
stepping	: 3
microcode	: 0x19
cpu MHz		: 2901.062
cache size	: 6144 KB
physical id	: 0
siblings	: 4
core id		: 3
cpu cores	: 4
apicid		: 6
initial apicid	: 6
fpu		: yes
fpu_exception	: yes
cpuid level	: 13
wp		: yes
flags		: fpu vme de pse tsc msr pae mce cx8 apic sep mtrr pge mca cmov pat pse36 clflush dts acpi mmx fxsr sse sse2 ss ht tm pbe syscall nx pdpe1gb rdtscp lm constant_tsc arch_perfmon pebs bts rep_good nopl xtopology nonstop_tsc aperfmperf eagerfpu pni pclmulqdq dtes64 monitor ds_cpl vmx est tm2 ssse3 sdbg fma cx16 xtpr pdcm pcid sse4_1 sse4_2 x2apic movbe popcnt tsc_deadline_timer aes xsave avx f16c rdrand lahf_lm abm invpcid_single kaiser tpr_shadow vnmi flexpriority ept vpid fsgsbase tsc_adjust bmi1 avx2 smep bmi2 erms invpcid xsaveopt dtherm ida arat pln pts
bugs		:
bogomips	: 5587.32
clflush size	: 64
cache_alignment	: 64
address sizes	: 39 bits physical, 48 bits virtual
power management:



Memory: 4k page, physical 8073436k(380032k free), swap 1561596k(1501692k free)

vm_info: Java HotSpot(TM) 64-Bit Server VM (25.144-b01) for linux-amd64 JRE (1.8.0_144-b01), built on Jul 21 2017 21:57:33 by "java_re" with gcc 4.3.0 20080428 (Red Hat 4.3.0-8)

time: Mon Feb 19 18:34:48 2018
elapsed time: 1648 seconds (0d 0h 27m 28s)

