#
# A fatal error has been detected by the Java Runtime Environment:
#
#  SIGSEGV (0xb) at pc=0x00007fa753f2739e, pid=13112, tid=0x00007fa73c21c700
#
# JRE version: Java(TM) SE Runtime Environment (8.0_144-b01) (build 1.8.0_144-b01)
# Java VM: Java HotSpot(TM) 64-Bit Server VM (25.144-b01 mixed mode linux-amd64 compressed oops)
# Problematic frame:
# V  [libjvm.so+0x63f39e]  IndexSetIterator::advance_and_next()+0x8e
#
# Failed to write core dump. Core dumps have been disabled. To enable core dumping, try "ulimit -c unlimited" before starting Java again
#
# If you would like to submit a bug report, please visit:
#   http://bugreport.java.com/bugreport/crash.jsp
#

---------------  T H R E A D  ---------------

Current thread (0x00007fa74c0b8800):  JavaThread "C2 CompilerThread0" daemon [_thread_in_native, id=13126, stack(0x00007fa73c11c000,0x00007fa73c21d000)]

siginfo: si_signo: 11 (SIGSEGV), si_code: 1 (SEGV_MAPERR), si_addr: 0x00007fa3548a4400

Registers:
RAX=0x00007fa3548a4400, RBX=0x00007fa7145b1ac0, RCX=0x00007fa7548a4400, RDX=0x0000000000000019
RSP=0x00007fa73c218700, RBP=0x00007fa73c218730, RSI=0x000000000000001c, RDI=0x00007fa73c218750
R8 =0x000000000000000b, R9 =0x0000000000008000, R10=0x0000000000000000, R11=0x0000000000000000
R12=0x0000000000000018, R13=0x00007fa73c218750, R14=0x0000000000000005, R15=0x0000000000000018
RIP=0x00007fa753f2739e, EFLAGS=0x0000000000010287, CSGSFS=0x0000000000000033, ERR=0x0000000000000004
  TRAPNO=0x000000000000000e

Top of Stack: (sp=0x00007fa73c218700)
0x00007fa73c218700:   00007fa73c218730 00007fa7145b1ac0
0x00007fa73c218710:   00000000000018aa 00007fa73c218930
0x00007fa73c218720:   0000000000000005 0000000000000400
0x00007fa73c218730:   00007fa73c2187c0 00007fa753f21889
0x00007fa73c218740:   00007fa73c218750 00000000000000c0
0x00007fa73c218750:   00000a1400000000 00007fa700000001
0x00007fa73c218760:   00007fa3548a4400 000000000000000b
0x00007fa73c218770:   00007fa7080d0310 0000000000000019
0x00007fa73c218780:   00007fa714643ba0 00007fa70c52b5e8
0x00007fa73c218790:   00007fa73c21a158 00007fa7548a4400
0x00007fa73c2187a0:   0000000000000ab8 0000000000000078
0x00007fa73c2187b0:   00007fa73c21a158 0000000000000ab8
0x00007fa73c2187c0:   00007fa73c218a30 00007fa753cf94e6
0x00007fa73c2187d0:   0000000000000000 00007fa73c218970
0x00007fa73c2187e0:   00007fa73c218930 00007fa73c218810
0x00007fa73c2187f0:   00007fa73c2188d0 00007fa73c2189a0
0x00007fa73c218800:   00007fa73c21a070 0000000f00000568
0x00007fa73c218810:   00007fa754842270 000000000000000d
0x00007fa73c218820:   00007fa73c21af00 00007fa73c21a070
0x00007fa73c218830:   00007fa7000024c4 00007fa754963184
0x00007fa73c218840:   00007fa73c2188b0 00007fa754875dc4
0x00007fa73c218850:   00007fa73c218890 00007fa754208d35
0x00007fa73c218860:   0000000c3c218920 00007fa754362c06
0x00007fa73c218870:   0000000000009320 00007fa754362b57
0x00007fa73c218880:   00007fa73c2188f0 00007fa753bcc1f5
0x00007fa73c218890:   00007fa73c2188f0 00007fa753bca534
0x00007fa73c2188a0:   0000000000000000 0000000000000000
0x00007fa73c2188b0:   0000000000000000 0000000000000000
0x00007fa73c2188c0:   00007fa700000000 00007fa74c0b8f10
0x00007fa73c2188d0:   000000000000000a 00007fa73c21af00
0x00007fa73c2188e0:   00007fa71445efb0 00007fa7146e6e50
0x00007fa73c2188f0:   00007fa74c0d9d40 00007fa74c0dc890 

Instructions: (pc=0x00007fa753f2739e)
0x00007fa753f2737e:   00 49 8b 45 20 45 89 fc 48 8d 0d 73 d0 97 00 4a
0x00007fa753f2738e:   8b 04 e0 48 39 c8 0f 84 d5 00 00 00 49 89 45 10
0x00007fa753f2739e:   44 8b 08 45 85 c9 0f 85 67 01 00 00 44 8b 40 04
0x00007fa753f273ae:   45 85 c0 0f 85 b9 01 00 00 8b 78 08 85 ff 0f 85 

Register to memory mapping:

RAX=0x00007fa3548a4400 is an unknown value
RBX=0x00007fa7145b1ac0 is an unknown value
RCX=0x00007fa7548a4400: <offset 0xfbc400> in /usr/lib/jvm/java-8-oracle/jre/lib/amd64/server/libjvm.so at 0x00007fa7538e8000
RDX=0x0000000000000019 is an unknown value
RSP=0x00007fa73c218700 is pointing into the stack for thread: 0x00007fa74c0b8800
RBP=0x00007fa73c218730 is pointing into the stack for thread: 0x00007fa74c0b8800
RSI=0x000000000000001c is an unknown value
RDI=0x00007fa73c218750 is pointing into the stack for thread: 0x00007fa74c0b8800
R8 =0x000000000000000b is an unknown value
R9 =0x0000000000008000 is an unknown value
R10=0x0000000000000000 is an unknown value
R11=0x0000000000000000 is an unknown value
R12=0x0000000000000018 is an unknown value
R13=0x00007fa73c218750 is pointing into the stack for thread: 0x00007fa74c0b8800
R14=0x0000000000000005 is an unknown value
R15=0x0000000000000018 is an unknown value


Stack: [0x00007fa73c11c000,0x00007fa73c21d000],  sp=0x00007fa73c218700,  free space=1009k
Native frames: (J=compiled Java code, j=interpreted, Vv=VM code, C=native code)
V  [libjvm.so+0x63f39e]  IndexSetIterator::advance_and_next()+0x8e
V  [libjvm.so+0x639889]  PhaseIFG::SquareUp()+0x119
V  [libjvm.so+0x4114e6]  PhaseChaitin::Register_Allocate()+0x8f6
V  [libjvm.so+0x4a5d20]  Compile::Code_Gen()+0x260
V  [libjvm.so+0x4a85a1]  Compile::Compile(ciEnv*, C2Compiler*, ciMethod*, int, bool, bool, bool)+0x14b1
V  [libjvm.so+0x3f4e45]  C2Compiler::compile_method(ciEnv*, ciMethod*, int)+0x1f5
V  [libjvm.so+0x4b2afa]  CompileBroker::invoke_compiler_on_method(CompileTask*)+0xc9a
V  [libjvm.so+0x4b3aa6]  CompileBroker::compiler_thread_loop()+0x5d6
V  [libjvm.so+0xa79753]  JavaThread::thread_main_inner()+0x103
V  [libjvm.so+0xa7989c]  JavaThread::run()+0x11c
V  [libjvm.so+0x92a338]  java_start(Thread*)+0x108
C  [libpthread.so.0+0x76ba]  start_thread+0xca


Current CompileTask:
C2:   3031 1973       4       org.eclipse.sisu.plexus.RealmFilteredBeans$FilteredItr::hasNext (81 bytes)


---------------  P R O C E S S  ---------------

Java Threads: ( => current thread )
  0x00007fa74c0c8000 JavaThread "Service Thread" daemon [_thread_blocked, id=13129, stack(0x00007fa73405e000,0x00007fa73415f000)]
  0x00007fa74c0bd000 JavaThread "C1 CompilerThread2" daemon [_thread_blocked, id=13128, stack(0x00007fa73415f000,0x00007fa734260000)]
  0x00007fa74c0bb800 JavaThread "C2 CompilerThread1" daemon [_thread_in_native, id=13127, stack(0x00007fa73c01b000,0x00007fa73c11c000)]
=>0x00007fa74c0b8800 JavaThread "C2 CompilerThread0" daemon [_thread_in_native, id=13126, stack(0x00007fa73c11c000,0x00007fa73c21d000)]
  0x00007fa74c0b7000 JavaThread "Signal Dispatcher" daemon [_thread_blocked, id=13125, stack(0x00007fa73c21d000,0x00007fa73c31e000)]
  0x00007fa74c084000 JavaThread "Finalizer" daemon [_thread_blocked, id=13124, stack(0x00007fa73c5f6000,0x00007fa73c6f7000)]
  0x00007fa74c07f800 JavaThread "Reference Handler" daemon [_thread_blocked, id=13123, stack(0x00007fa73c6f7000,0x00007fa73c7f8000)]
  0x00007fa74c00a000 JavaThread "main" [_thread_in_native, id=13117, stack(0x00007fa7553e3000,0x00007fa7554e4000)]

Other Threads:
  0x00007fa74c078000 VMThread [stack: 0x00007fa73c7f8000,0x00007fa73c8f9000] [id=13122]
  0x00007fa74c0cb000 WatcherThread [stack: 0x00007fa72feff000,0x00007fa730000000] [id=13130]

VM state:not at safepoint (normal execution)

VM Mutex/Monitor currently owned by a thread: None

Heap:
 PSYoungGen      total 36864K, used 30429K [0x00000000d6f00000, 0x00000000d9800000, 0x0000000100000000)
  eden space 31744K, 79% used [0x00000000d6f00000,0x00000000d87bf6e0,0x00000000d8e00000)
  from space 5120K, 99% used [0x00000000d8e00000,0x00000000d92f8040,0x00000000d9300000)
  to   space 5120K, 0% used [0x00000000d9300000,0x00000000d9300000,0x00000000d9800000)
 ParOldGen       total 84992K, used 5049K [0x0000000084c00000, 0x0000000089f00000, 0x00000000d6f00000)
  object space 84992K, 5% used [0x0000000084c00000,0x00000000850ee550,0x0000000089f00000)
 Metaspace       used 14787K, capacity 15022K, committed 15232K, reserved 1062912K
  class space    used 1794K, capacity 1877K, committed 1920K, reserved 1048576K

Card table byte_map: [0x00007fa751da6000,0x00007fa752181000] byte_map_base: 0x00007fa751980000

Marking Bits: (ParMarkBitMap*) 0x00007fa7548b1dc0
 Begin Bits: [0x00007fa734260000, 0x00007fa736130000)
 End Bits:   [0x00007fa736130000, 0x00007fa738000000)

Polling page: 0x00007fa755504000

CodeCache: size=245760Kb used=7117Kb max_used=7117Kb free=238642Kb
 bounds [0x00007fa73d000000, 0x00007fa73d700000, 0x00007fa74c000000]
 total_blobs=2454 nmethods=2116 adapters=251
 compilation: enabled

Compilation events (10 events):
Event: 3.021 Thread 0x00007fa74c0bd000 nmethod 2123 0x00007fa73d6e5590 code [0x00007fa73d6e5720, 0x00007fa73d6e5bc8]
Event: 3.023 Thread 0x00007fa74c0bd000 2124       3       java.util.Dictionary::<init> (5 bytes)
Event: 3.023 Thread 0x00007fa74c0bd000 nmethod 2124 0x00007fa73d6e5cd0 code [0x00007fa73d6e5e40, 0x00007fa73d6e5ff0]
Event: 3.024 Thread 0x00007fa74c0bd000 2125  s    3       java.io.ExpiringCache::get (39 bytes)
Event: 3.025 Thread 0x00007fa74c0bd000 nmethod 2125 0x00007fa73d6e6410 code [0x00007fa73d6e65a0, 0x00007fa73d6e69d8]
Event: 3.025 Thread 0x00007fa74c0bd000 2126       3       sun.nio.ch.FileKey::hashCode (28 bytes)
Event: 3.025 Thread 0x00007fa74c0bd000 nmethod 2126 0x00007fa73d6e6b10 code [0x00007fa73d6e6c60, 0x00007fa73d6e6dd0]
Event: 3.025 Thread 0x00007fa74c0bd000 2128   !   3       org.apache.maven.model.ModelBase::clone (397 bytes)
Event: 3.027 Thread 0x00007fa74c0bd000 nmethod 2128 0x00007fa73d6e6e50 code [0x00007fa73d6e7340, 0x00007fa73d6ea328]
Event: 3.027 Thread 0x00007fa74c0bd000 2130       3       sun.nio.cs.UTF_8$Decoder::decodeArrayLoop (691 bytes)

GC Heap History (6 events):
Event: 1.722 GC heap before
{Heap before GC invocations=1 (full 0):
 PSYoungGen      total 36864K, used 31744K [0x00000000d6f00000, 0x00000000d9800000, 0x0000000100000000)
  eden space 31744K, 100% used [0x00000000d6f00000,0x00000000d8e00000,0x00000000d8e00000)
  from space 5120K, 0% used [0x00000000d9300000,0x00000000d9300000,0x00000000d9800000)
  to   space 5120K, 0% used [0x00000000d8e00000,0x00000000d8e00000,0x00000000d9300000)
 ParOldGen       total 84992K, used 0K [0x0000000084c00000, 0x0000000089f00000, 0x00000000d6f00000)
  object space 84992K, 0% used [0x0000000084c00000,0x0000000084c00000,0x0000000089f00000)
 Metaspace       used 7771K, capacity 7900K, committed 7936K, reserved 1056768K
  class space    used 966K, capacity 1016K, committed 1024K, reserved 1048576K
Event: 1.726 GC heap after
Heap after GC invocations=1 (full 0):
 PSYoungGen      total 36864K, used 4451K [0x00000000d6f00000, 0x00000000d9800000, 0x0000000100000000)
  eden space 31744K, 0% used [0x00000000d6f00000,0x00000000d6f00000,0x00000000d8e00000)
  from space 5120K, 86% used [0x00000000d8e00000,0x00000000d9258ea8,0x00000000d9300000)
  to   space 5120K, 0% used [0x00000000d9300000,0x00000000d9300000,0x00000000d9800000)
 ParOldGen       total 84992K, used 8K [0x0000000084c00000, 0x0000000089f00000, 0x00000000d6f00000)
  object space 84992K, 0% used [0x0000000084c00000,0x0000000084c02000,0x0000000089f00000)
 Metaspace       used 7771K, capacity 7900K, committed 7936K, reserved 1056768K
  class space    used 966K, capacity 1016K, committed 1024K, reserved 1048576K
}
Event: 2.070 GC heap before
{Heap before GC invocations=2 (full 0):
 PSYoungGen      total 36864K, used 36195K [0x00000000d6f00000, 0x00000000d9800000, 0x0000000100000000)
  eden space 31744K, 100% used [0x00000000d6f00000,0x00000000d8e00000,0x00000000d8e00000)
  from space 5120K, 86% used [0x00000000d8e00000,0x00000000d9258ea8,0x00000000d9300000)
  to   space 5120K, 0% used [0x00000000d9300000,0x00000000d9300000,0x00000000d9800000)
 ParOldGen       total 84992K, used 8K [0x0000000084c00000, 0x0000000089f00000, 0x00000000d6f00000)
  object space 84992K, 0% used [0x0000000084c00000,0x0000000084c02000,0x0000000089f00000)
 Metaspace       used 11130K, capacity 11304K, committed 11520K, reserved 1058816K
  class space    used 1391K, capacity 1508K, committed 1536K, reserved 1048576K
Event: 2.074 GC heap after
Heap after GC invocations=2 (full 0):
 PSYoungGen      total 36864K, used 5095K [0x00000000d6f00000, 0x00000000d9800000, 0x0000000100000000)
  eden space 31744K, 0% used [0x00000000d6f00000,0x00000000d6f00000,0x00000000d8e00000)
  from space 5120K, 99% used [0x00000000d9300000,0x00000000d97f9d30,0x00000000d9800000)
  to   space 5120K, 0% used [0x00000000d8e00000,0x00000000d8e00000,0x00000000d9300000)
 ParOldGen       total 84992K, used 1361K [0x0000000084c00000, 0x0000000089f00000, 0x00000000d6f00000)
  object space 84992K, 1% used [0x0000000084c00000,0x0000000084d54578,0x0000000089f00000)
 Metaspace       used 11130K, capacity 11304K, committed 11520K, reserved 1058816K
  class space    used 1391K, capacity 1508K, committed 1536K, reserved 1048576K
}
Event: 2.832 GC heap before
{Heap before GC invocations=3 (full 0):
 PSYoungGen      total 36864K, used 36839K [0x00000000d6f00000, 0x00000000d9800000, 0x0000000100000000)
  eden space 31744K, 100% used [0x00000000d6f00000,0x00000000d8e00000,0x00000000d8e00000)
  from space 5120K, 99% used [0x00000000d9300000,0x00000000d97f9d30,0x00000000d9800000)
  to   space 5120K, 0% used [0x00000000d8e00000,0x00000000d8e00000,0x00000000d9300000)
 ParOldGen       total 84992K, used 1361K [0x0000000084c00000, 0x0000000089f00000, 0x00000000d6f00000)
  object space 84992K, 1% used [0x0000000084c00000,0x0000000084d54578,0x0000000089f00000)
 Metaspace       used 14330K, capacity 14568K, committed 14720K, reserved 1062912K
  class space    used 1771K, capacity 1876K, committed 1920K, reserved 1048576K
Event: 2.842 GC heap after
Heap after GC invocations=3 (full 0):
 PSYoungGen      total 36864K, used 5088K [0x00000000d6f00000, 0x00000000d9800000, 0x0000000100000000)
  eden space 31744K, 0% used [0x00000000d6f00000,0x00000000d6f00000,0x00000000d8e00000)
  from space 5120K, 99% used [0x00000000d8e00000,0x00000000d92f8040,0x00000000d9300000)
  to   space 5120K, 0% used [0x00000000d9300000,0x00000000d9300000,0x00000000d9800000)
 ParOldGen       total 84992K, used 5049K [0x0000000084c00000, 0x0000000089f00000, 0x00000000d6f00000)
  object space 84992K, 5% used [0x0000000084c00000,0x00000000850ee550,0x0000000089f00000)
 Metaspace       used 14330K, capacity 14568K, committed 14720K, reserved 1062912K
  class space    used 1771K, capacity 1876K, committed 1920K, reserved 1048576K
}

Deoptimization events (10 events):
Event: 2.689 Thread 0x00007fa74c00a000 Uncommon trap: reason=unstable_if action=reinterpret pc=0x00007fa73d17ebf4 method=java.lang.String.startsWith(Ljava/lang/String;I)Z @ 25
Event: 2.707 Thread 0x00007fa74c00a000 Uncommon trap: reason=unstable_if action=reinterpret pc=0x00007fa73d2f3020 method=org.codehaus.plexus.util.xml.pull.MXParser.nextImpl()I @ 879
Event: 2.738 Thread 0x00007fa74c00a000 Uncommon trap: reason=null_check action=make_not_entrant pc=0x00007fa73d596b34 method=org.apache.maven.model.io.xpp3.MavenXpp3ReaderEx.checkFieldWithDuplicate(Lorg/codehaus/plexus/util/xml/pull/XmlPullParser;Ljava/lang/String;Ljava/lang/String;Ljava/util/
Event: 2.763 Thread 0x00007fa74c00a000 Uncommon trap: reason=unstable_if action=reinterpret pc=0x00007fa73d3772dc method=java.lang.String.regionMatches(ZILjava/lang/String;II)Z @ 25
Event: 2.980 Thread 0x00007fa74c00a000 Uncommon trap: reason=class_check action=maybe_recompile pc=0x00007fa73d69f88c method=java.util.regex.Pattern$GroupTail.match(Ljava/util/regex/Matcher;ILjava/lang/CharSequence;)Z @ 70
Event: 2.980 Thread 0x00007fa74c00a000 Uncommon trap: reason=class_check action=maybe_recompile pc=0x00007fa73d69f88c method=java.util.regex.Pattern$GroupTail.match(Ljava/util/regex/Matcher;ILjava/lang/CharSequence;)Z @ 70
Event: 2.983 Thread 0x00007fa74c00a000 Uncommon trap: reason=class_check action=maybe_recompile pc=0x00007fa73d69f88c method=java.util.regex.Pattern$GroupTail.match(Ljava/util/regex/Matcher;ILjava/lang/CharSequence;)Z @ 70
Event: 2.983 Thread 0x00007fa74c00a000 Uncommon trap: reason=class_check action=maybe_recompile pc=0x00007fa73d69f88c method=java.util.regex.Pattern$GroupTail.match(Ljava/util/regex/Matcher;ILjava/lang/CharSequence;)Z @ 70
Event: 3.013 Thread 0x00007fa74c00a000 Uncommon trap: reason=unstable_if action=reinterpret pc=0x00007fa73d5b31f8 method=org.codehaus.plexus.util.xml.pull.MXParser.nextImpl()I @ 1161
Event: 3.026 Thread 0x00007fa74c00a000 Uncommon trap: reason=unstable_if action=reinterpret pc=0x00007fa73d282dc8 method=sun.nio.cs.UTF_8$Decoder.decodeArrayLoop(Ljava/nio/ByteBuffer;Ljava/nio/CharBuffer;)Ljava/nio/charset/CoderResult; @ 84

Internal exceptions (10 events):
Event: 2.312 Thread 0x00007fa74c00a000 Exception <a 'java/lang/NoClassDefFoundError': com/google/inject/servlet/ServletModuleTargetVisitor> (0x00000000d790fe10) thrown at [/HUDSON3/workspace/8-2-build-linux-amd64/jdk8u144/9417/hotspot/src/share/vm/classfile/systemDictionary.cpp, line 199]
Event: 2.312 Thread 0x00007fa74c00a000 Exception <a 'java/lang/NoClassDefFoundError'> (0x00000000d790fe10) thrown at [/HUDSON3/workspace/8-2-build-linux-amd64/jdk8u144/9417/hotspot/src/share/vm/prims/jvm.cpp, line 1394]
Event: 2.312 Thread 0x00007fa74c00a000 Exception <a 'java/lang/NoClassDefFoundError': javax/annotation/Priority> (0x00000000d7918598) thrown at [/HUDSON3/workspace/8-2-build-linux-amd64/jdk8u144/9417/hotspot/src/share/vm/classfile/systemDictionary.cpp, line 199]
Event: 2.530 Thread 0x00007fa74c00a000 Exception <a 'java/lang/NullPointerException'> (0x00000000d7f36c70) thrown at [/HUDSON3/workspace/8-2-build-linux-amd64/jdk8u144/9417/hotspot/src/share/vm/interpreter/linkResolver.cpp, line 1197]
Event: 2.530 Thread 0x00007fa74c00a000 Exception <a 'java/lang/NullPointerException'> (0x00000000d7f36e88) thrown at [/HUDSON3/workspace/8-2-build-linux-amd64/jdk8u144/9417/hotspot/src/share/vm/interpreter/linkResolver.cpp, line 1197]
Event: 2.530 Thread 0x00007fa74c00a000 Exception <a 'java/lang/NullPointerException'> (0x00000000d7f370a0) thrown at [/HUDSON3/workspace/8-2-build-linux-amd64/jdk8u144/9417/hotspot/src/share/vm/interpreter/linkResolver.cpp, line 1197]
Event: 2.531 Thread 0x00007fa74c00a000 Exception <a 'java/lang/NullPointerException'> (0x00000000d7f505e8) thrown at [/HUDSON3/workspace/8-2-build-linux-amd64/jdk8u144/9417/hotspot/src/share/vm/interpreter/linkResolver.cpp, line 1197]
Event: 2.531 Thread 0x00007fa74c00a000 Exception <a 'java/lang/NullPointerException'> (0x00000000d7f50800) thrown at [/HUDSON3/workspace/8-2-build-linux-amd64/jdk8u144/9417/hotspot/src/share/vm/interpreter/linkResolver.cpp, line 1197]
Event: 2.531 Thread 0x00007fa74c00a000 Exception <a 'java/lang/NullPointerException'> (0x00000000d7f50a18) thrown at [/HUDSON3/workspace/8-2-build-linux-amd64/jdk8u144/9417/hotspot/src/share/vm/interpreter/linkResolver.cpp, line 1197]
Event: 2.738 Thread 0x00007fa74c00a000 Implicit null exception at 0x00007fa73d5961c9 to 0x00007fa73d596b21

Events (10 events):
Event: 3.022 loading class org/apache/maven/plugin/MojoExecution$Source done
Event: 3.022 loading class java/util/TreeMap$Values
Event: 3.022 loading class java/util/TreeMap$Values done
Event: 3.022 loading class java/util/TreeMap$ValueIterator
Event: 3.022 loading class java/util/TreeMap$ValueIterator done
Event: 3.026 Thread 0x00007fa74c00a000 Uncommon trap: trap_request=0xffffff65 fr.pc=0x00007fa73d282dc8
Event: 3.026 Thread 0x00007fa74c00a000 DEOPT PACKING pc=0x00007fa73d282dc8 sp=0x00007fa7554e0860
Event: 3.026 Thread 0x00007fa74c00a000 DEOPT UNPACKING pc=0x00007fa73d005229 sp=0x00007fa7554e07c8 mode 2
Event: 3.028 loading class org/apache/maven/model/Notifier
Event: 3.028 loading class org/apache/maven/model/Notifier done


Dynamic libraries:
00400000-00401000 r-xp 00000000 08:02 1577083                            /usr/lib/jvm/java-8-oracle/bin/java
00600000-00601000 rw-p 00000000 08:02 1577083                            /usr/lib/jvm/java-8-oracle/bin/java
00c77000-00c98000 rw-p 00000000 00:00 0                                  [heap]
84c00000-89f00000 rw-p 00000000 00:00 0 
89f00000-d6f00000 ---p 00000000 00:00 0 
d6f00000-d9800000 rw-p 00000000 00:00 0 
d9800000-100000000 ---p 00000000 00:00 0 
100000000-1001e0000 rw-p 00000000 00:00 0 
1001e0000-140000000 ---p 00000000 00:00 0 
7fa700000000-7fa700021000 rw-p 00000000 00:00 0 
7fa700021000-7fa704000000 ---p 00000000 00:00 0 
7fa704000000-7fa704021000 rw-p 00000000 00:00 0 
7fa704021000-7fa708000000 ---p 00000000 00:00 0 
7fa708000000-7fa708454000 rw-p 00000000 00:00 0 
7fa708454000-7fa70c000000 ---p 00000000 00:00 0 
7fa70c000000-7fa70c6fd000 rw-p 00000000 00:00 0 
7fa70c6fd000-7fa710000000 ---p 00000000 00:00 0 
7fa710000000-7fa710021000 rw-p 00000000 00:00 0 
7fa710021000-7fa714000000 ---p 00000000 00:00 0 
7fa714000000-7fa71496e000 rw-p 00000000 00:00 0 
7fa71496e000-7fa718000000 ---p 00000000 00:00 0 
7fa718000000-7fa718021000 rw-p 00000000 00:00 0 
7fa718021000-7fa71c000000 ---p 00000000 00:00 0 
7fa71c000000-7fa71c021000 rw-p 00000000 00:00 0 
7fa71c021000-7fa720000000 ---p 00000000 00:00 0 
7fa720000000-7fa720021000 rw-p 00000000 00:00 0 
7fa720021000-7fa724000000 ---p 00000000 00:00 0 
7fa724000000-7fa724021000 rw-p 00000000 00:00 0 
7fa724021000-7fa728000000 ---p 00000000 00:00 0 
7fa728000000-7fa728021000 rw-p 00000000 00:00 0 
7fa728021000-7fa72c000000 ---p 00000000 00:00 0 
7fa72c4cc000-7fa72c5cc000 rw-p 00000000 00:00 0 
7fa72c5cc000-7fa72c6cc000 ---p 00000000 00:00 0 
7fa72c6cc000-7fa72c6dd000 r-xp 00000000 08:02 1715759                    /usr/lib/jvm/java-8-oracle/jre/lib/amd64/libnio.so
7fa72c6dd000-7fa72c8dc000 ---p 00011000 08:02 1715759                    /usr/lib/jvm/java-8-oracle/jre/lib/amd64/libnio.so
7fa72c8dc000-7fa72c8dd000 rw-p 00010000 08:02 1715759                    /usr/lib/jvm/java-8-oracle/jre/lib/amd64/libnio.so
7fa72c8dd000-7fa72f8de000 rw-p 00000000 00:00 0 
7fa72f8de000-7fa72f8f4000 r-xp 00000000 08:02 1715734                    /usr/lib/jvm/java-8-oracle/jre/lib/amd64/libnet.so
7fa72f8f4000-7fa72faf4000 ---p 00016000 08:02 1715734                    /usr/lib/jvm/java-8-oracle/jre/lib/amd64/libnet.so
7fa72faf4000-7fa72faf5000 rw-p 00016000 08:02 1715734                    /usr/lib/jvm/java-8-oracle/jre/lib/amd64/libnet.so
7fa72faf5000-7fa72fafa000 r--s 0009a000 08:02 1577109                    /usr/lib/jvm/java-8-oracle/jre/lib/jsse.jar
7fa72fafa000-7fa72fcfa000 rw-p 00000000 00:00 0 
7fa72fcfa000-7fa72fefa000 rw-p 00000000 00:00 0 
7fa72fefa000-7fa72feff000 r--s 00041000 08:03 9836445                    /media/neosoft/126cafe0-b0ce-447a-aaed-607836cebb39/eclipse (3)/plugins/org.eclipse.m2e.maven.runtime_1.7.0.20160603-1931/jars/commons-lang-2.6.jar
7fa72feff000-7fa72ff00000 ---p 00000000 00:00 0 
7fa72ff00000-7fa730000000 rw-p 00000000 00:00 0 
7fa730000000-7fa730021000 rw-p 00000000 00:00 0 
7fa730021000-7fa734000000 ---p 00000000 00:00 0 
7fa734002000-7fa734003000 r--s 00002000 08:03 9836295                    /media/neosoft/126cafe0-b0ce-447a-aaed-607836cebb39/eclipse (3)/plugins/org.eclipse.m2e.maven.runtime.slf4j.simple_1.7.0.20160603-1931/jars/slf4j-simple-1.7.5.jar
7fa734003000-7fa734004000 r--s 00002000 08:03 9836473                    /media/neosoft/126cafe0-b0ce-447a-aaed-607836cebb39/eclipse (3)/plugins/org.eclipse.m2e.maven.runtime_1.7.0.20160603-1931/jars/wagon-file-2.10.jar
7fa734004000-7fa734006000 r--s 00005000 08:03 9836441                    /media/neosoft/126cafe0-b0ce-447a-aaed-607836cebb39/eclipse (3)/plugins/org.eclipse.m2e.maven.runtime_1.7.0.20160603-1931/jars/aether-transport-wagon-1.0.2.v20150114.jar
7fa734006000-7fa734008000 r--s 0000f000 08:03 9836463                    /media/neosoft/126cafe0-b0ce-447a-aaed-607836cebb39/eclipse (3)/plugins/org.eclipse.m2e.maven.runtime_1.7.0.20160603-1931/jars/okio-1.6.0.jar
7fa734008000-7fa73400d000 r--s 00049000 08:03 9836462                    /media/neosoft/126cafe0-b0ce-447a-aaed-607836cebb39/eclipse (3)/plugins/org.eclipse.m2e.maven.runtime_1.7.0.20160603-1931/jars/okhttp-2.5.0.jar
7fa73400d000-7fa73400f000 r--s 0000b000 08:03 9836438                    /media/neosoft/126cafe0-b0ce-447a-aaed-607836cebb39/eclipse (3)/plugins/org.eclipse.m2e.maven.runtime_1.7.0.20160603-1931/jars/aether-connector-okhttp-0.16.0.jar
7fa73400f000-7fa734011000 r--s 00006000 08:03 9836440                    /media/neosoft/126cafe0-b0ce-447a-aaed-607836cebb39/eclipse (3)/plugins/org.eclipse.m2e.maven.runtime_1.7.0.20160603-1931/jars/aether-spi-1.0.2.v20150114.jar
7fa734011000-7fa734015000 r--s 00027000 08:03 9836439                    /media/neosoft/126cafe0-b0ce-447a-aaed-607836cebb39/eclipse (3)/plugins/org.eclipse.m2e.maven.runtime_1.7.0.20160603-1931/jars/aether-impl-1.0.2.v20150114.jar
7fa734015000-7fa734040000 r--s 001fc000 08:03 9836447                    /media/neosoft/126cafe0-b0ce-447a-aaed-607836cebb39/eclipse (3)/plugins/org.eclipse.m2e.maven.runtime_1.7.0.20160603-1931/jars/guava-18.0.jar
7fa734040000-7fa734048000 r--s 00055000 08:03 9836464                    /media/neosoft/126cafe0-b0ce-447a-aaed-607836cebb39/eclipse (3)/plugins/org.eclipse.m2e.maven.runtime_1.7.0.20160603-1931/jars/org.eclipse.sisu.inject-0.3.2.jar
7fa734048000-7fa73404b000 r--s 00008000 08:03 9836443                    /media/neosoft/126cafe0-b0ce-447a-aaed-607836cebb39/eclipse (3)/plugins/org.eclipse.m2e.maven.runtime_1.7.0.20160603-1931/jars/cdi-api-1.0.jar
7fa73404b000-7fa734051000 r--s 0002d000 08:03 9836465                    /media/neosoft/126cafe0-b0ce-447a-aaed-607836cebb39/eclipse (3)/plugins/org.eclipse.m2e.maven.runtime_1.7.0.20160603-1931/jars/org.eclipse.sisu.plexus-0.3.2.jar
7fa734051000-7fa734054000 r--s 0000b000 08:03 9836474                    /media/neosoft/126cafe0-b0ce-447a-aaed-607836cebb39/eclipse (3)/plugins/org.eclipse.m2e.maven.runtime_1.7.0.20160603-1931/jars/wagon-provider-api-2.10.jar
7fa734054000-7fa73405a000 r--s 00041000 08:03 9836453                    /media/neosoft/126cafe0-b0ce-447a-aaed-607836cebb39/eclipse (3)/plugins/org.eclipse.m2e.maven.runtime_1.7.0.20160603-1931/jars/maven-compat-3.3.9.jar
7fa73405a000-7fa73405c000 r--s 00009000 08:03 9836444                    /media/neosoft/126cafe0-b0ce-447a-aaed-607836cebb39/eclipse (3)/plugins/org.eclipse.m2e.maven.runtime_1.7.0.20160603-1931/jars/commons-cli-1.2.jar
7fa73405c000-7fa73405e000 r--s 00002000 08:03 9836467                    /media/neosoft/126cafe0-b0ce-447a-aaed-607836cebb39/eclipse (3)/plugins/org.eclipse.m2e.maven.runtime_1.7.0.20160603-1931/jars/plexus-cipher-1.7.jar
7fa73405e000-7fa734061000 ---p 00000000 00:00 0 
7fa734061000-7fa73415f000 rw-p 00000000 00:00 0 
7fa73415f000-7fa734162000 ---p 00000000 00:00 0 
7fa734162000-7fa738000000 rw-p 00000000 00:00 0 
7fa738000000-7fa738021000 rw-p 00000000 00:00 0 
7fa738021000-7fa73c000000 ---p 00000000 00:00 0 
7fa73c000000-7fa73c001000 r--s 00008000 08:03 9836437                    /media/neosoft/126cafe0-b0ce-447a-aaed-607836cebb39/eclipse (3)/plugins/org.eclipse.m2e.maven.runtime_1.7.0.20160603-1931/jars/aether-connector-basic-1.0.2.v20150114.jar
7fa73c001000-7fa73c004000 r--s 00013000 08:03 9836455                    /media/neosoft/126cafe0-b0ce-447a-aaed-607836cebb39/eclipse (3)/plugins/org.eclipse.m2e.maven.runtime_1.7.0.20160603-1931/jars/maven-embedder-3.3.9.jar
7fa73c004000-7fa73c00b000 r--s 00064000 08:03 9836446                    /media/neosoft/126cafe0-b0ce-447a-aaed-607836cebb39/eclipse (3)/plugins/org.eclipse.m2e.maven.runtime_1.7.0.20160603-1931/jars/commons-lang3-3.4.jar
7fa73c00b000-7fa73c00f000 r--s 00038000 08:03 9836472                    /media/neosoft/126cafe0-b0ce-447a-aaed-607836cebb39/eclipse (3)/plugins/org.eclipse.m2e.maven.runtime_1.7.0.20160603-1931/jars/plexus-utils-3.0.22.jar
7fa73c00f000-7fa73c012000 r--s 0000d000 08:03 9836470                    /media/neosoft/126cafe0-b0ce-447a-aaed-607836cebb39/eclipse (3)/plugins/org.eclipse.m2e.maven.runtime_1.7.0.20160603-1931/jars/plexus-interpolation-1.21.jar
7fa73c012000-7fa73c01b000 r--s 0005f000 08:03 9836448                    /media/neosoft/126cafe0-b0ce-447a-aaed-607836cebb39/eclipse (3)/plugins/org.eclipse.m2e.maven.runtime_1.7.0.20160603-1931/jars/guice-4.0-no_aop.jar
7fa73c01b000-7fa73c01e000 ---p 00000000 00:00 0 
7fa73c01e000-7fa73c11c000 rw-p 00000000 00:00 0 
7fa73c11c000-7fa73c11f000 ---p 00000000 00:00 0 
7fa73c11f000-7fa73c21d000 rw-p 00000000 00:00 0 
7fa73c21d000-7fa73c220000 ---p 00000000 00:00 0 
7fa73c220000-7fa73c31e000 rw-p 00000000 00:00 0 
7fa73c31e000-7fa73c5f6000 r--p 00000000 08:02 1182950                    /usr/lib/locale/locale-archive
7fa73c5f6000-7fa73c5f9000 ---p 00000000 00:00 0 
7fa73c5f9000-7fa73c6f7000 rw-p 00000000 00:00 0 
7fa73c6f7000-7fa73c6fa000 ---p 00000000 00:00 0 
7fa73c6fa000-7fa73c7f8000 rw-p 00000000 00:00 0 
7fa73c7f8000-7fa73c7f9000 ---p 00000000 00:00 0 
7fa73c7f9000-7fa73d000000 rw-p 00000000 00:00 0 
7fa73d000000-7fa73d700000 rwxp 00000000 00:00 0 
7fa73d700000-7fa74c000000 ---p 00000000 00:00 0 
7fa74c000000-7fa74c70a000 rw-p 00000000 00:00 0 
7fa74c70a000-7fa750000000 ---p 00000000 00:00 0 
7fa750000000-7fa750001000 r--s 00001000 08:03 9836449                    /media/neosoft/126cafe0-b0ce-447a-aaed-607836cebb39/eclipse (3)/plugins/org.eclipse.m2e.maven.runtime_1.7.0.20160603-1931/jars/jsr250-api-1.0.jar
7fa750001000-7fa750002000 r--s 00006000 08:03 9836471                    /media/neosoft/126cafe0-b0ce-447a-aaed-607836cebb39/eclipse (3)/plugins/org.eclipse.m2e.maven.runtime_1.7.0.20160603-1931/jars/plexus-sec-dispatcher-1.3.jar
7fa750002000-7fa750006000 r--s 00020000 08:03 9836442                    /media/neosoft/126cafe0-b0ce-447a-aaed-607836cebb39/eclipse (3)/plugins/org.eclipse.m2e.maven.runtime_1.7.0.20160603-1931/jars/aether-util-1.0.2.v20150114.jar
7fa750006000-7fa75000b000 r--s 0001d000 08:03 9836436                    /media/neosoft/126cafe0-b0ce-447a-aaed-607836cebb39/eclipse (3)/plugins/org.eclipse.m2e.maven.runtime_1.7.0.20160603-1931/jars/aether-api-1.0.2.v20150114.jar
7fa75000b000-7fa7508e6000 rw-p 00000000 00:00 0 
7fa7508e6000-7fa750ac0000 r--s 03d4d000 08:02 1577145                    /usr/lib/jvm/java-8-oracle/jre/lib/rt.jar
7fa750ac0000-7fa751710000 rw-p 00000000 00:00 0 
7fa751710000-7fa751711000 ---p 00000000 00:00 0 
7fa751711000-7fa751811000 rw-p 00000000 00:00 0 
7fa751811000-7fa751812000 ---p 00000000 00:00 0 
7fa751812000-7fa751912000 rw-p 00000000 00:00 0 
7fa751912000-7fa751913000 ---p 00000000 00:00 0 
7fa751913000-7fa751a13000 rw-p 00000000 00:00 0 
7fa751a13000-7fa751a14000 ---p 00000000 00:00 0 
7fa751a14000-7fa751b3e000 rw-p 00000000 00:00 0 
7fa751b3e000-7fa751da6000 ---p 00000000 00:00 0 
7fa751da6000-7fa751dd0000 rw-p 00000000 00:00 0 
7fa751dd0000-7fa752037000 ---p 00000000 00:00 0 
7fa752037000-7fa75204c000 rw-p 00000000 00:00 0 
7fa75204c000-7fa752180000 ---p 00000000 00:00 0 
7fa752180000-7fa75219d000 rw-p 00000000 00:00 0 
7fa75219d000-7fa752541000 ---p 00000000 00:00 0 
7fa752541000-7fa75255b000 r-xp 00000000 08:02 1715757                    /usr/lib/jvm/java-8-oracle/jre/lib/amd64/libzip.so
7fa75255b000-7fa75275b000 ---p 0001a000 08:02 1715757                    /usr/lib/jvm/java-8-oracle/jre/lib/amd64/libzip.so
7fa75275b000-7fa75275c000 rw-p 0001a000 08:02 1715757                    /usr/lib/jvm/java-8-oracle/jre/lib/amd64/libzip.so
7fa75275c000-7fa752767000 r-xp 00000000 08:02 5247533                    /lib/x86_64-linux-gnu/libnss_files-2.23.so
7fa752767000-7fa752966000 ---p 0000b000 08:02 5247533                    /lib/x86_64-linux-gnu/libnss_files-2.23.so
7fa752966000-7fa752967000 r--p 0000a000 08:02 5247533                    /lib/x86_64-linux-gnu/libnss_files-2.23.so
7fa752967000-7fa752968000 rw-p 0000b000 08:02 5247533                    /lib/x86_64-linux-gnu/libnss_files-2.23.so
7fa752968000-7fa75296e000 rw-p 00000000 00:00 0 
7fa75296e000-7fa752979000 r-xp 00000000 08:02 5247561                    /lib/x86_64-linux-gnu/libnss_nis-2.23.so
7fa752979000-7fa752b78000 ---p 0000b000 08:02 5247561                    /lib/x86_64-linux-gnu/libnss_nis-2.23.so
7fa752b78000-7fa752b79000 r--p 0000a000 08:02 5247561                    /lib/x86_64-linux-gnu/libnss_nis-2.23.so
7fa752b79000-7fa752b7a000 rw-p 0000b000 08:02 5247561                    /lib/x86_64-linux-gnu/libnss_nis-2.23.so
7fa752b7a000-7fa752b90000 r-xp 00000000 08:02 5247385                    /lib/x86_64-linux-gnu/libnsl-2.23.so
7fa752b90000-7fa752d8f000 ---p 00016000 08:02 5247385                    /lib/x86_64-linux-gnu/libnsl-2.23.so
7fa752d8f000-7fa752d90000 r--p 00015000 08:02 5247385                    /lib/x86_64-linux-gnu/libnsl-2.23.so
7fa752d90000-7fa752d91000 rw-p 00016000 08:02 5247385                    /lib/x86_64-linux-gnu/libnsl-2.23.so
7fa752d91000-7fa752d93000 rw-p 00000000 00:00 0 
7fa752d93000-7fa752d9b000 r-xp 00000000 08:02 5247507                    /lib/x86_64-linux-gnu/libnss_compat-2.23.so
7fa752d9b000-7fa752f9a000 ---p 00008000 08:02 5247507                    /lib/x86_64-linux-gnu/libnss_compat-2.23.so
7fa752f9a000-7fa752f9b000 r--p 00007000 08:02 5247507                    /lib/x86_64-linux-gnu/libnss_compat-2.23.so
7fa752f9b000-7fa752f9c000 rw-p 00008000 08:02 5247507                    /lib/x86_64-linux-gnu/libnss_compat-2.23.so
7fa752f9c000-7fa752fc7000 r-xp 00000000 08:02 1715784                    /usr/lib/jvm/java-8-oracle/jre/lib/amd64/libjava.so
7fa752fc7000-7fa7531c6000 ---p 0002b000 08:02 1715784                    /usr/lib/jvm/java-8-oracle/jre/lib/amd64/libjava.so
7fa7531c6000-7fa7531c8000 rw-p 0002a000 08:02 1715784                    /usr/lib/jvm/java-8-oracle/jre/lib/amd64/libjava.so
7fa7531c8000-7fa7531d5000 r-xp 00000000 08:02 1715735                    /usr/lib/jvm/java-8-oracle/jre/lib/amd64/libverify.so
7fa7531d5000-7fa7533d5000 ---p 0000d000 08:02 1715735                    /usr/lib/jvm/java-8-oracle/jre/lib/amd64/libverify.so
7fa7533d5000-7fa7533d7000 rw-p 0000d000 08:02 1715735                    /usr/lib/jvm/java-8-oracle/jre/lib/amd64/libverify.so
7fa7533d7000-7fa7533de000 r-xp 00000000 08:02 5247575                    /lib/x86_64-linux-gnu/librt-2.23.so
7fa7533de000-7fa7535dd000 ---p 00007000 08:02 5247575                    /lib/x86_64-linux-gnu/librt-2.23.so
7fa7535dd000-7fa7535de000 r--p 00006000 08:02 5247575                    /lib/x86_64-linux-gnu/librt-2.23.so
7fa7535de000-7fa7535df000 rw-p 00007000 08:02 5247575                    /lib/x86_64-linux-gnu/librt-2.23.so
7fa7535df000-7fa7536e7000 r-xp 00000000 08:02 5247382                    /lib/x86_64-linux-gnu/libm-2.23.so
7fa7536e7000-7fa7538e6000 ---p 00108000 08:02 5247382                    /lib/x86_64-linux-gnu/libm-2.23.so
7fa7538e6000-7fa7538e7000 r--p 00107000 08:02 5247382                    /lib/x86_64-linux-gnu/libm-2.23.so
7fa7538e7000-7fa7538e8000 rw-p 00108000 08:02 5247382                    /lib/x86_64-linux-gnu/libm-2.23.so
7fa7538e8000-7fa7545bb000 r-xp 00000000 08:02 1715788                    /usr/lib/jvm/java-8-oracle/jre/lib/amd64/server/libjvm.so
7fa7545bb000-7fa7547ba000 ---p 00cd3000 08:02 1715788                    /usr/lib/jvm/java-8-oracle/jre/lib/amd64/server/libjvm.so
7fa7547ba000-7fa754894000 rw-p 00cd2000 08:02 1715788                    /usr/lib/jvm/java-8-oracle/jre/lib/amd64/server/libjvm.so
7fa754894000-7fa7548df000 rw-p 00000000 00:00 0 
7fa7548df000-7fa754a9f000 r-xp 00000000 08:02 5247431                    /lib/x86_64-linux-gnu/libc-2.23.so
7fa754a9f000-7fa754c9f000 ---p 001c0000 08:02 5247431                    /lib/x86_64-linux-gnu/libc-2.23.so
7fa754c9f000-7fa754ca3000 r--p 001c0000 08:02 5247431                    /lib/x86_64-linux-gnu/libc-2.23.so
7fa754ca3000-7fa754ca5000 rw-p 001c4000 08:02 5247431                    /lib/x86_64-linux-gnu/libc-2.23.so
7fa754ca5000-7fa754ca9000 rw-p 00000000 00:00 0 
7fa754ca9000-7fa754cac000 r-xp 00000000 08:02 5247478                    /lib/x86_64-linux-gnu/libdl-2.23.so
7fa754cac000-7fa754eab000 ---p 00003000 08:02 5247478                    /lib/x86_64-linux-gnu/libdl-2.23.so
7fa754eab000-7fa754eac000 r--p 00002000 08:02 5247478                    /lib/x86_64-linux-gnu/libdl-2.23.so
7fa754eac000-7fa754ead000 rw-p 00003000 08:02 5247478                    /lib/x86_64-linux-gnu/libdl-2.23.so
7fa754ead000-7fa754ec2000 r-xp 00000000 08:02 1444999                    /usr/lib/jvm/java-8-oracle/lib/amd64/jli/libjli.so
7fa754ec2000-7fa7550c2000 ---p 00015000 08:02 1444999                    /usr/lib/jvm/java-8-oracle/lib/amd64/jli/libjli.so
7fa7550c2000-7fa7550c3000 rw-p 00015000 08:02 1444999                    /usr/lib/jvm/java-8-oracle/lib/amd64/jli/libjli.so
7fa7550c3000-7fa7550db000 r-xp 00000000 08:02 5247417                    /lib/x86_64-linux-gnu/libpthread-2.23.so
7fa7550db000-7fa7552da000 ---p 00018000 08:02 5247417                    /lib/x86_64-linux-gnu/libpthread-2.23.so
7fa7552da000-7fa7552db000 r--p 00017000 08:02 5247417                    /lib/x86_64-linux-gnu/libpthread-2.23.so
7fa7552db000-7fa7552dc000 rw-p 00018000 08:02 5247417                    /lib/x86_64-linux-gnu/libpthread-2.23.so
7fa7552dc000-7fa7552e0000 rw-p 00000000 00:00 0 
7fa7552e0000-7fa755306000 r-xp 00000000 08:02 5247407                    /lib/x86_64-linux-gnu/ld-2.23.so
7fa755306000-7fa755308000 r--s 00000000 08:03 9836469                    /media/neosoft/126cafe0-b0ce-447a-aaed-607836cebb39/eclipse (3)/plugins/org.eclipse.m2e.maven.runtime_1.7.0.20160603-1931/jars/plexus-component-annotations-1.6.jar
7fa755308000-7fa75530a000 r--s 0000f000 08:03 9836450                    /media/neosoft/126cafe0-b0ce-447a-aaed-607836cebb39/eclipse (3)/plugins/org.eclipse.m2e.maven.runtime_1.7.0.20160603-1931/jars/maven-aether-provider-3.3.9.jar
7fa75530a000-7fa75530f000 r--s 00027000 08:03 9836457                    /media/neosoft/126cafe0-b0ce-447a-aaed-607836cebb39/eclipse (3)/plugins/org.eclipse.m2e.maven.runtime_1.7.0.20160603-1931/jars/maven-model-builder-3.3.9.jar
7fa75530f000-7fa755311000 r--s 0000a000 08:03 9836458                    /media/neosoft/126cafe0-b0ce-447a-aaed-607836cebb39/eclipse (3)/plugins/org.eclipse.m2e.maven.runtime_1.7.0.20160603-1931/jars/maven-plugin-api-3.3.9.jar
7fa755311000-7fa755313000 r--s 0000c000 08:03 9836451                    /media/neosoft/126cafe0-b0ce-447a-aaed-607836cebb39/eclipse (3)/plugins/org.eclipse.m2e.maven.runtime_1.7.0.20160603-1931/jars/maven-artifact-3.3.9.jar
7fa755313000-7fa755314000 r--s 00006000 08:03 9836459                    /media/neosoft/126cafe0-b0ce-447a-aaed-607836cebb39/eclipse (3)/plugins/org.eclipse.m2e.maven.runtime_1.7.0.20160603-1931/jars/maven-repository-metadata-3.3.9.jar
7fa755314000-7fa755315000 r--s 00003000 08:03 9836452                    /media/neosoft/126cafe0-b0ce-447a-aaed-607836cebb39/eclipse (3)/plugins/org.eclipse.m2e.maven.runtime_1.7.0.20160603-1931/jars/maven-builder-support-3.3.9.jar
7fa755315000-7fa755317000 r--s 00009000 08:03 9836461                    /media/neosoft/126cafe0-b0ce-447a-aaed-607836cebb39/eclipse (3)/plugins/org.eclipse.m2e.maven.runtime_1.7.0.20160603-1931/jars/maven-settings-builder-3.3.9.jar
7fa755317000-7fa755318000 r--s 0000a000 08:03 9836460                    /media/neosoft/126cafe0-b0ce-447a-aaed-607836cebb39/eclipse (3)/plugins/org.eclipse.m2e.maven.runtime_1.7.0.20160603-1931/jars/maven-settings-3.3.9.jar
7fa755318000-7fa7553e3000 rw-p 00000000 00:00 0 
7fa7553e3000-7fa7553e6000 ---p 00000000 00:00 0 
7fa7553e6000-7fa7554e9000 rw-p 00000000 00:00 0 
7fa7554e9000-7fa7554ec000 r--s 00026000 08:03 9836456                    /media/neosoft/126cafe0-b0ce-447a-aaed-607836cebb39/eclipse (3)/plugins/org.eclipse.m2e.maven.runtime_1.7.0.20160603-1931/jars/maven-model-3.3.9.jar
7fa7554ec000-7fa7554f9000 r--s 0008f000 08:03 9836454                    /media/neosoft/126cafe0-b0ce-447a-aaed-607836cebb39/eclipse (3)/plugins/org.eclipse.m2e.maven.runtime_1.7.0.20160603-1931/jars/maven-core-3.3.9.jar
7fa7554f9000-7fa7554fb000 r--s 0000b000 08:03 9836468                    /media/neosoft/126cafe0-b0ce-447a-aaed-607836cebb39/eclipse (3)/plugins/org.eclipse.m2e.maven.runtime_1.7.0.20160603-1931/jars/plexus-classworlds-2.5.2.jar
7fa7554fb000-7fa755503000 rw-s 00000000 08:02 3539105                    /tmp/hsperfdata_neosoft/13112
7fa755503000-7fa755504000 rw-p 00000000 00:00 0 
7fa755504000-7fa755505000 r--p 00000000 00:00 0 
7fa755505000-7fa755506000 r--p 00025000 08:02 5247407                    /lib/x86_64-linux-gnu/ld-2.23.so
7fa755506000-7fa755507000 rw-p 00026000 08:02 5247407                    /lib/x86_64-linux-gnu/ld-2.23.so
7fa755507000-7fa755508000 rw-p 00000000 00:00 0 
7ffccdb96000-7ffccdbb7000 rw-p 00000000 00:00 0                          [stack]
7ffccdbec000-7ffccdbef000 r--p 00000000 00:00 0                          [vvar]
7ffccdbef000-7ffccdbf1000 r-xp 00000000 00:00 0                          [vdso]
ffffffffff600000-ffffffffff601000 r-xp 00000000 00:00 0                  [vsyscall]

VM Arguments:
jvm_args: -Dmaven.home=EMBEDDED -Dclassworlds.conf=/media/neosoft/126cafe0-b0ce-447a-aaed-607836cebb39/interview/.metadata/.plugins/org.eclipse.m2e.launching/launches/m2conf8213068835225845188.tmp -Dmaven.multiModuleProjectDirectory=/media/neosoft/126cafe0-b0ce-447a-aaed-607836cebb39/Recruitment/recruitment_process -Dfile.encoding=UTF-8 
java_command: org.codehaus.plexus.classworlds.launcher.Launcher -B clean
java_class_path (initial): /media/neosoft/126cafe0-b0ce-447a-aaed-607836cebb39/eclipse (3)/plugins/org.eclipse.m2e.maven.runtime_1.7.0.20160603-1931/jars/plexus-classworlds-2.5.2.jar
Launcher Type: SUN_STANDARD

Environment Variables:
JAVA_HOME=/usr/lib/jvm/java-8-oracle
PATH=/home/neosoft/bin:/home/neosoft/.local/bin:/usr/local/sbin:/usr/local/bin:/usr/sbin:/usr/bin:/sbin:/bin:/usr/games:/usr/local/games:/snap/bin:/usr/lib/jvm/java-8-oracle/bin:/usr/lib/jvm/java-8-oracle/db/bin:/usr/lib/jvm/java-8-oracle/jre/bin
SHELL=/bin/bash
DISPLAY=:0

Signal Handlers:
SIGSEGV: [libjvm.so+0xacba10], sa_mask[0]=11111111011111111101111111111110, sa_flags=SA_RESTART|SA_SIGINFO
SIGBUS: [libjvm.so+0xacba10], sa_mask[0]=11111111011111111101111111111110, sa_flags=SA_RESTART|SA_SIGINFO
SIGFPE: [libjvm.so+0x924ba0], sa_mask[0]=11111111011111111101111111111110, sa_flags=SA_RESTART|SA_SIGINFO
SIGPIPE: [libjvm.so+0x924ba0], sa_mask[0]=11111111011111111101111111111110, sa_flags=SA_RESTART|SA_SIGINFO
SIGXFSZ: [libjvm.so+0x924ba0], sa_mask[0]=11111111011111111101111111111110, sa_flags=SA_RESTART|SA_SIGINFO
SIGILL: [libjvm.so+0x924ba0], sa_mask[0]=11111111011111111101111111111110, sa_flags=SA_RESTART|SA_SIGINFO
SIGUSR1: SIG_DFL, sa_mask[0]=00000000000000000000000000000000, sa_flags=none
SIGUSR2: [libjvm.so+0x9263e0], sa_mask[0]=00100000000000000000000000000000, sa_flags=SA_RESTART|SA_SIGINFO
SIGHUP: [libjvm.so+0x9277e0], sa_mask[0]=11111111011111111101111111111110, sa_flags=SA_RESTART|SA_SIGINFO
SIGINT: [libjvm.so+0x9277e0], sa_mask[0]=11111111011111111101111111111110, sa_flags=SA_RESTART|SA_SIGINFO
SIGTERM: [libjvm.so+0x9277e0], sa_mask[0]=11111111011111111101111111111110, sa_flags=SA_RESTART|SA_SIGINFO
SIGQUIT: [libjvm.so+0x9277e0], sa_mask[0]=11111111011111111101111111111110, sa_flags=SA_RESTART|SA_SIGINFO


---------------  S Y S T E M  ---------------

OS:DISTRIB_ID=Ubuntu
DISTRIB_RELEASE=16.04
DISTRIB_CODENAME=xenial
DISTRIB_DESCRIPTION="Ubuntu 16.04.1 LTS"

uname:Linux 4.4.0-112-generic #135-Ubuntu SMP Fri Jan 19 11:48:36 UTC 2018 x86_64
libc:glibc 2.23 NPTL 2.23 
rlimit: STACK 8192k, CORE 0k, NPROC 31383, NOFILE 1048576, AS infinity
load average:0.15 0.26 0.18

/proc/meminfo:
MemTotal:        8073436 kB
MemFree:         1963484 kB
MemAvailable:    2779368 kB
Buffers:          149728 kB
Cached:          1279168 kB
SwapCached:           36 kB
Active:          4144464 kB
Inactive:        1611280 kB
Active(anon):    3604580 kB
Inactive(anon):  1203332 kB
Active(file):     539884 kB
Inactive(file):   407948 kB
Unevictable:         216 kB
Mlocked:             216 kB
SwapTotal:       1561596 kB
SwapFree:        1554596 kB
Dirty:               476 kB
Writeback:             0 kB
AnonPages:       4327320 kB
Mapped:           722680 kB
Shmem:            480752 kB
Slab:             217884 kB
SReclaimable:     171928 kB
SUnreclaim:        45956 kB
KernelStack:       15168 kB
PageTables:        62580 kB
NFS_Unstable:          0 kB
Bounce:                0 kB
WritebackTmp:          0 kB
CommitLimit:     5598312 kB
Committed_AS:   12295460 kB
VmallocTotal:   34359738367 kB
VmallocUsed:           0 kB
VmallocChunk:          0 kB
HardwareCorrupted:     0 kB
AnonHugePages:   2154496 kB
CmaTotal:              0 kB
CmaFree:               0 kB
HugePages_Total:       0
HugePages_Free:        0
HugePages_Rsvd:        0
HugePages_Surp:        0
Hugepagesize:       2048 kB
DirectMap4k:      207680 kB
DirectMap2M:     7030784 kB
DirectMap1G:     2097152 kB


CPU:total 4 (initial active 4) (4 cores per cpu, 1 threads per core) family 6 model 60 stepping 3, cmov, cx8, fxsr, mmx, sse, sse2, sse3, ssse3, sse4.1, sse4.2, popcnt, avx, avx2, aes, clmul, erms, lzcnt, tsc, tscinvbit, bmi1, bmi2

/proc/cpuinfo:
processor	: 0
vendor_id	: GenuineIntel
cpu family	: 6
model		: 60
model name	: Intel(R) Core(TM) i5-4440S CPU @ 2.80GHz
stepping	: 3
microcode	: 0x19
cpu MHz		: 2930.484
cache size	: 6144 KB
physical id	: 0
siblings	: 4
core id		: 0
cpu cores	: 4
apicid		: 0
initial apicid	: 0
fpu		: yes
fpu_exception	: yes
cpuid level	: 13
wp		: yes
flags		: fpu vme de pse tsc msr pae mce cx8 apic sep mtrr pge mca cmov pat pse36 clflush dts acpi mmx fxsr sse sse2 ss ht tm pbe syscall nx pdpe1gb rdtscp lm constant_tsc arch_perfmon pebs bts rep_good nopl xtopology nonstop_tsc aperfmperf eagerfpu pni pclmulqdq dtes64 monitor ds_cpl vmx est tm2 ssse3 sdbg fma cx16 xtpr pdcm pcid sse4_1 sse4_2 x2apic movbe popcnt tsc_deadline_timer aes xsave avx f16c rdrand lahf_lm abm invpcid_single kaiser tpr_shadow vnmi flexpriority ept vpid fsgsbase tsc_adjust bmi1 avx2 smep bmi2 erms invpcid xsaveopt dtherm ida arat pln pts
bugs		:
bogomips	: 5587.10
clflush size	: 64
cache_alignment	: 64
address sizes	: 39 bits physical, 48 bits virtual
power management:

processor	: 1
vendor_id	: GenuineIntel
cpu family	: 6
model		: 60
model name	: Intel(R) Core(TM) i5-4440S CPU @ 2.80GHz
stepping	: 3
microcode	: 0x19
cpu MHz		: 2910.031
cache size	: 6144 KB
physical id	: 0
siblings	: 4
core id		: 1
cpu cores	: 4
apicid		: 2
initial apicid	: 2
fpu		: yes
fpu_exception	: yes
cpuid level	: 13
wp		: yes
flags		: fpu vme de pse tsc msr pae mce cx8 apic sep mtrr pge mca cmov pat pse36 clflush dts acpi mmx fxsr sse sse2 ss ht tm pbe syscall nx pdpe1gb rdtscp lm constant_tsc arch_perfmon pebs bts rep_good nopl xtopology nonstop_tsc aperfmperf eagerfpu pni pclmulqdq dtes64 monitor ds_cpl vmx est tm2 ssse3 sdbg fma cx16 xtpr pdcm pcid sse4_1 sse4_2 x2apic movbe popcnt tsc_deadline_timer aes xsave avx f16c rdrand lahf_lm abm invpcid_single kaiser tpr_shadow vnmi flexpriority ept vpid fsgsbase tsc_adjust bmi1 avx2 smep bmi2 erms invpcid xsaveopt dtherm ida arat pln pts
bugs		:
bogomips	: 5587.10
clflush size	: 64
cache_alignment	: 64
address sizes	: 39 bits physical, 48 bits virtual
power management:

processor	: 2
vendor_id	: GenuineIntel
cpu family	: 6
model		: 60
model name	: Intel(R) Core(TM) i5-4440S CPU @ 2.80GHz
stepping	: 3
microcode	: 0x19
cpu MHz		: 2940.656
cache size	: 6144 KB
physical id	: 0
siblings	: 4
core id		: 2
cpu cores	: 4
apicid		: 4
initial apicid	: 4
fpu		: yes
fpu_exception	: yes
cpuid level	: 13
wp		: yes
flags		: fpu vme de pse tsc msr pae mce cx8 apic sep mtrr pge mca cmov pat pse36 clflush dts acpi mmx fxsr sse sse2 ss ht tm pbe syscall nx pdpe1gb rdtscp lm constant_tsc arch_perfmon pebs bts rep_good nopl xtopology nonstop_tsc aperfmperf eagerfpu pni pclmulqdq dtes64 monitor ds_cpl vmx est tm2 ssse3 sdbg fma cx16 xtpr pdcm pcid sse4_1 sse4_2 x2apic movbe popcnt tsc_deadline_timer aes xsave avx f16c rdrand lahf_lm abm invpcid_single kaiser tpr_shadow vnmi flexpriority ept vpid fsgsbase tsc_adjust bmi1 avx2 smep bmi2 erms invpcid xsaveopt dtherm ida arat pln pts
bugs		:
bogomips	: 5587.10
clflush size	: 64
cache_alignment	: 64
address sizes	: 39 bits physical, 48 bits virtual
power management:

processor	: 3
vendor_id	: GenuineIntel
cpu family	: 6
model		: 60
model name	: Intel(R) Core(TM) i5-4440S CPU @ 2.80GHz
stepping	: 3
microcode	: 0x19
cpu MHz		: 2944.703
cache size	: 6144 KB
physical id	: 0
siblings	: 4
core id		: 3
cpu cores	: 4
apicid		: 6
initial apicid	: 6
fpu		: yes
fpu_exception	: yes
cpuid level	: 13
wp		: yes
flags		: fpu vme de pse tsc msr pae mce cx8 apic sep mtrr pge mca cmov pat pse36 clflush dts acpi mmx fxsr sse sse2 ss ht tm pbe syscall nx pdpe1gb rdtscp lm constant_tsc arch_perfmon pebs bts rep_good nopl xtopology nonstop_tsc aperfmperf eagerfpu pni pclmulqdq dtes64 monitor ds_cpl vmx est tm2 ssse3 sdbg fma cx16 xtpr pdcm pcid sse4_1 sse4_2 x2apic movbe popcnt tsc_deadline_timer aes xsave avx f16c rdrand lahf_lm abm invpcid_single kaiser tpr_shadow vnmi flexpriority ept vpid fsgsbase tsc_adjust bmi1 avx2 smep bmi2 erms invpcid xsaveopt dtherm ida arat pln pts
bugs		:
bogomips	: 5587.10
clflush size	: 64
cache_alignment	: 64
address sizes	: 39 bits physical, 48 bits virtual
power management:



Memory: 4k page, physical 8073436k(1963484k free), swap 1561596k(1554596k free)

vm_info: Java HotSpot(TM) 64-Bit Server VM (25.144-b01) for linux-amd64 JRE (1.8.0_144-b01), built on Jul 21 2017 21:57:33 by "java_re" with gcc 4.3.0 20080428 (Red Hat 4.3.0-8)

time: Wed Feb 21 14:49:12 2018
elapsed time: 3 seconds (0d 0h 0m 3s)

